{"/home/aloofbuddha/src/MessageAI/mobile/src/components/atoms/OfflineIndicator.tsx": {"path":"/home/aloofbuddha/src/MessageAI/mobile/src/components/atoms/OfflineIndicator.tsx","statementMap":{"0":{"start":{"line":7,"column":0},"end":{"line":7,"column":24}},"1":{"start":{"line":1,"column":0},"end":{"line":1,"column":26}},"2":{"start":{"line":2,"column":0},"end":{"line":2,"column":48}},"3":{"start":{"line":3,"column":0},"end":{"line":3,"column":42}},"4":{"start":{"line":4,"column":0},"end":{"line":4,"column":60}},"5":{"start":{"line":5,"column":0},"end":{"line":5,"column":73}},"6":{"start":{"line":8,"column":24},"end":{"line":8,"column":42}},"7":{"start":{"line":11,"column":20},"end":{"line":11,"column":93}},"8":{"start":{"line":13,"column":2},"end":{"line":15,"column":3}},"9":{"start":{"line":14,"column":4},"end":{"line":14,"column":16}},"10":{"start":{"line":17,"column":2},"end":{"line":24,"column":4}},"11":{"start":{"line":27,"column":15},"end":{"line":42,"column":2}}},"fnMap":{"0":{"name":"OfflineIndicator","decl":{"start":{"line":7,"column":24},"end":{"line":7,"column":40}},"loc":{"start":{"line":7,"column":40},"end":{"line":25,"column":1}}}},"branchMap":{"0":{"loc":{"start":{"line":11,"column":20},"end":{"line":11,"column":93}},"type":"binary-expr","locations":[{"start":{"line":11,"column":20},"end":{"line":11,"column":46}},{"start":{"line":11,"column":50},"end":{"line":11,"column":93}}]},"1":{"loc":{"start":{"line":13,"column":2},"end":{"line":15,"column":3}},"type":"if","locations":[{"start":{"line":13,"column":2},"end":{"line":15,"column":3}}]}},"s":{"0":0,"1":0,"2":0,"3":0,"4":0,"5":0,"6":0,"7":0,"8":0,"9":0,"10":0,"11":0},"f":{"0":0},"b":{"0":[0,0],"1":[0]}}
,"/home/aloofbuddha/src/MessageAI/mobile/src/components/molecules/ChatInput.tsx": {"path":"/home/aloofbuddha/src/MessageAI/mobile/src/components/molecules/ChatInput.tsx","statementMap":{"0":{"start":{"line":10,"column":0},"end":{"line":10,"column":24}},"1":{"start":{"line":1,"column":0},"end":{"line":1,"column":40}},"2":{"start":{"line":2,"column":0},"end":{"line":2,"column":48}},"3":{"start":{"line":3,"column":0},"end":{"line":3,"column":59}},"4":{"start":{"line":11,"column":32},"end":{"line":11,"column":44}},"5":{"start":{"line":13,"column":21},"end":{"line":19,"column":3}},"6":{"start":{"line":14,"column":27},"end":{"line":14,"column":41}},"7":{"start":{"line":15,"column":4},"end":{"line":18,"column":5}},"8":{"start":{"line":16,"column":6},"end":{"line":16,"column":29}},"9":{"start":{"line":17,"column":6},"end":{"line":17,"column":21}},"10":{"start":{"line":21,"column":2},"end":{"line":45,"column":4}},"11":{"start":{"line":48,"column":15},"end":{"line":74,"column":2}}},"fnMap":{"0":{"name":"ChatInput","decl":{"start":{"line":10,"column":24},"end":{"line":10,"column":33}},"loc":{"start":{"line":10,"column":78},"end":{"line":46,"column":1}}},"1":{"name":"(anonymous_10)","decl":{"start":{"line":13,"column":21},"end":{"line":13,"column":24}},"loc":{"start":{"line":13,"column":26},"end":{"line":19,"column":3}}}},"branchMap":{"0":{"loc":{"start":{"line":10,"column":44},"end":{"line":10,"column":60}},"type":"default-arg","locations":[{"start":{"line":10,"column":55},"end":{"line":10,"column":60}}]},"1":{"loc":{"start":{"line":15,"column":4},"end":{"line":18,"column":5}},"type":"if","locations":[{"start":{"line":15,"column":4},"end":{"line":18,"column":5}}]},"2":{"loc":{"start":{"line":15,"column":8},"end":{"line":15,"column":35}},"type":"binary-expr","locations":[{"start":{"line":15,"column":8},"end":{"line":15,"column":22}},{"start":{"line":15,"column":26},"end":{"line":15,"column":35}}]},"3":{"loc":{"start":{"line":39,"column":19},"end":{"line":39,"column":67}},"type":"cond-expr","locations":[{"start":{"line":39,"column":49},"end":{"line":39,"column":58}},{"start":{"line":39,"column":61},"end":{"line":39,"column":67}}]},"4":{"loc":{"start":{"line":39,"column":19},"end":{"line":39,"column":46}},"type":"binary-expr","locations":[{"start":{"line":39,"column":19},"end":{"line":39,"column":33}},{"start":{"line":39,"column":37},"end":{"line":39,"column":46}}]},"5":{"loc":{"start":{"line":40,"column":18},"end":{"line":40,"column":45}},"type":"binary-expr","locations":[{"start":{"line":40,"column":18},"end":{"line":40,"column":33}},{"start":{"line":40,"column":37},"end":{"line":40,"column":45}}]}},"s":{"0":0,"1":0,"2":0,"3":0,"4":0,"5":0,"6":0,"7":0,"8":0,"9":0,"10":0,"11":0},"f":{"0":0,"1":0},"b":{"0":[0],"1":[0],"2":[0,0],"3":[0,0],"4":[0,0],"5":[0,0]}}
,"/home/aloofbuddha/src/MessageAI/mobile/src/components/molecules/ConversationListItem.tsx": {"path":"/home/aloofbuddha/src/MessageAI/mobile/src/components/molecules/ConversationListItem.tsx","statementMap":{"0":{"start":{"line":14,"column":0},"end":{"line":14,"column":24}},"1":{"start":{"line":1,"column":0},"end":{"line":1,"column":26}},"2":{"start":{"line":2,"column":0},"end":{"line":2,"column":66}},"3":{"start":{"line":3,"column":0},"end":{"line":3,"column":57}},"4":{"start":{"line":5,"column":0},"end":{"line":5,"column":60}},"5":{"start":{"line":20,"column":26},"end":{"line":24,"column":3}},"6":{"start":{"line":21,"column":4},"end":{"line":21,"column":43}},"7":{"start":{"line":21,"column":18},"end":{"line":21,"column":43}},"8":{"start":{"line":22,"column":4},"end":{"line":22,"column":52}},"9":{"start":{"line":22,"column":37},"end":{"line":22,"column":52}},"10":{"start":{"line":23,"column":4},"end":{"line":23,"column":51}},"11":{"start":{"line":26,"column":25},"end":{"line":28,"column":3}},"12":{"start":{"line":27,"column":4},"end":{"line":27,"column":46}},"13":{"start":{"line":30,"column":2},"end":{"line":71,"column":4}},"14":{"start":{"line":74,"column":15},"end":{"line":121,"column":2}}},"fnMap":{"0":{"name":"ConversationListItem","decl":{"start":{"line":14,"column":24},"end":{"line":14,"column":44}},"loc":{"start":{"line":19,"column":28},"end":{"line":72,"column":1}}},"1":{"name":"(anonymous_2)","decl":{"start":{"line":20,"column":26},"end":{"line":20,"column":27}},"loc":{"start":{"line":20,"column":85},"end":{"line":24,"column":3}}},"2":{"name":"(anonymous_3)","decl":{"start":{"line":26,"column":25},"end":{"line":26,"column":26}},"loc":{"start":{"line":26,"column":50},"end":{"line":28,"column":3}}}},"branchMap":{"0":{"loc":{"start":{"line":18,"column":2},"end":{"line":18,"column":17}},"type":"default-arg","locations":[{"start":{"line":18,"column":16},"end":{"line":18,"column":17}}]},"1":{"loc":{"start":{"line":20,"column":51},"end":{"line":20,"column":73}},"type":"default-arg","locations":[{"start":{"line":20,"column":71},"end":{"line":20,"column":73}}]},"2":{"loc":{"start":{"line":21,"column":4},"end":{"line":21,"column":43}},"type":"if","locations":[{"start":{"line":21,"column":4},"end":{"line":21,"column":43}}]},"3":{"loc":{"start":{"line":22,"column":4},"end":{"line":22,"column":52}},"type":"if","locations":[{"start":{"line":22,"column":4},"end":{"line":22,"column":52}}]},"4":{"loc":{"start":{"line":44,"column":13},"end":{"line":47,"column":null}},"type":"binary-expr","locations":[{"start":{"line":44,"column":13},"end":{"line":44,"column":46}},{"start":{"line":45,"column":14},"end":{"line":46,"column":null}}]},"5":{"loc":{"start":{"line":56,"column":16},"end":{"line":56,"column":55}},"type":"binary-expr","locations":[{"start":{"line":56,"column":16},"end":{"line":56,"column":31}},{"start":{"line":56,"column":35},"end":{"line":56,"column":55}}]},"6":{"loc":{"start":{"line":62,"column":13},"end":{"line":65,"column":null}},"type":"binary-expr","locations":[{"start":{"line":62,"column":13},"end":{"line":62,"column":28}},{"start":{"line":63,"column":14},"end":{"line":64,"column":null}}]},"7":{"loc":{"start":{"line":64,"column":17},"end":{"line":64,"column":53}},"type":"cond-expr","locations":[{"start":{"line":64,"column":35},"end":{"line":64,"column":39}},{"start":{"line":64,"column":42},"end":{"line":64,"column":53}}]}},"s":{"0":0,"1":0,"2":0,"3":0,"4":0,"5":0,"6":0,"7":0,"8":0,"9":0,"10":0,"11":0,"12":0,"13":0,"14":0},"f":{"0":0,"1":0,"2":0},"b":{"0":[0],"1":[0],"2":[0],"3":[0],"4":[0,0],"5":[0,0],"6":[0,0],"7":[0,0]}}
,"/home/aloofbuddha/src/MessageAI/mobile/src/components/molecules/MessageBubble.tsx": {"path":"/home/aloofbuddha/src/MessageAI/mobile/src/components/molecules/MessageBubble.tsx","statementMap":{"0":{"start":{"line":13,"column":0},"end":{"line":13,"column":24}},"1":{"start":{"line":1,"column":0},"end":{"line":1,"column":26}},"2":{"start":{"line":2,"column":0},"end":{"line":2,"column":48}},"3":{"start":{"line":3,"column":0},"end":{"line":3,"column":42}},"4":{"start":{"line":4,"column":0},"end":{"line":4,"column":60}},"5":{"start":{"line":6,"column":0},"end":{"line":6,"column":62}},"6":{"start":{"line":14,"column":24},"end":{"line":29,"column":3}},"7":{"start":{"line":15,"column":4},"end":{"line":28,"column":5}},"8":{"start":{"line":17,"column":8},"end":{"line":17,"column":86}},"9":{"start":{"line":19,"column":8},"end":{"line":19,"column":78}},"10":{"start":{"line":21,"column":8},"end":{"line":21,"column":82}},"11":{"start":{"line":23,"column":8},"end":{"line":23,"column":85}},"12":{"start":{"line":25,"column":8},"end":{"line":25,"column":96}},"13":{"start":{"line":27,"column":8},"end":{"line":27,"column":20}},"14":{"start":{"line":31,"column":2},"end":{"line":52,"column":4}},"15":{"start":{"line":55,"column":15},"end":{"line":107,"column":2}}},"fnMap":{"0":{"name":"MessageBubble","decl":{"start":{"line":13,"column":24},"end":{"line":13,"column":37}},"loc":{"start":{"line":13,"column":83},"end":{"line":53,"column":1}}},"1":{"name":"(anonymous_2)","decl":{"start":{"line":14,"column":24},"end":{"line":14,"column":27}},"loc":{"start":{"line":14,"column":29},"end":{"line":29,"column":3}}}},"branchMap":{"0":{"loc":{"start":{"line":15,"column":4},"end":{"line":28,"column":5}},"type":"switch","locations":[{"start":{"line":16,"column":6},"end":{"line":17,"column":86}},{"start":{"line":18,"column":6},"end":{"line":19,"column":78}},{"start":{"line":20,"column":6},"end":{"line":21,"column":82}},{"start":{"line":22,"column":6},"end":{"line":23,"column":85}},{"start":{"line":24,"column":6},"end":{"line":25,"column":96}},{"start":{"line":26,"column":6},"end":{"line":27,"column":20}}]},"1":{"loc":{"start":{"line":32,"column":36},"end":{"line":32,"column":94}},"type":"cond-expr","locations":[{"start":{"line":32,"column":51},"end":{"line":32,"column":70}},{"start":{"line":32,"column":73},"end":{"line":32,"column":94}}]},"2":{"loc":{"start":{"line":33,"column":35},"end":{"line":33,"column":87}},"type":"cond-expr","locations":[{"start":{"line":33,"column":50},"end":{"line":33,"column":66}},{"start":{"line":33,"column":69},"end":{"line":33,"column":87}}]},"3":{"loc":{"start":{"line":36,"column":34},"end":{"line":36,"column":88}},"type":"cond-expr","locations":[{"start":{"line":36,"column":49},"end":{"line":36,"column":66}},{"start":{"line":36,"column":69},"end":{"line":36,"column":88}}]},"4":{"loc":{"start":{"line":44,"column":38},"end":{"line":44,"column":96}},"type":"cond-expr","locations":[{"start":{"line":44,"column":53},"end":{"line":44,"column":72}},{"start":{"line":44,"column":75},"end":{"line":44,"column":96}}]},"5":{"loc":{"start":{"line":48,"column":11},"end":{"line":48,"column":83}},"type":"binary-expr","locations":[{"start":{"line":48,"column":11},"end":{"line":48,"column":23}},{"start":{"line":48,"column":27},"end":{"line":48,"column":83}}]}},"s":{"0":0,"1":0,"2":0,"3":0,"4":0,"5":0,"6":0,"7":0,"8":0,"9":0,"10":0,"11":0,"12":0,"13":0,"14":0,"15":0},"f":{"0":0,"1":0},"b":{"0":[0,0,0,0,0,0],"1":[0,0],"2":[0,0],"3":[0,0],"4":[0,0],"5":[0,0]}}
,"/home/aloofbuddha/src/MessageAI/mobile/src/components/screens/LoginScreen.tsx": {"path":"/home/aloofbuddha/src/MessageAI/mobile/src/components/screens/LoginScreen.tsx","statementMap":{"0":{"start":{"line":7,"column":0},"end":{"line":7,"column":24}},"1":{"start":{"line":1,"column":0},"end":{"line":1,"column":40}},"2":{"start":{"line":2,"column":0},"end":{"line":2,"column":92}},"3":{"start":{"line":3,"column":0},"end":{"line":3,"column":73}},"4":{"start":{"line":4,"column":0},"end":{"line":4,"column":40}},"5":{"start":{"line":5,"column":0},"end":{"line":5,"column":54}},"6":{"start":{"line":8,"column":28},"end":{"line":8,"column":40}},"7":{"start":{"line":9,"column":34},"end":{"line":9,"column":46}},"8":{"start":{"line":10,"column":42},"end":{"line":10,"column":57}},"9":{"start":{"line":11,"column":38},"end":{"line":11,"column":50}},"10":{"start":{"line":13,"column":50},"end":{"line":13,"column":64}},"11":{"start":{"line":14,"column":17},"end":{"line":14,"column":28}},"12":{"start":{"line":16,"column":22},"end":{"line":39,"column":3}},"13":{"start":{"line":18,"column":4},"end":{"line":18,"column":22}},"14":{"start":{"line":19,"column":4},"end":{"line":19,"column":17}},"15":{"start":{"line":22,"column":4},"end":{"line":25,"column":5}},"16":{"start":{"line":23,"column":6},"end":{"line":23,"column":47}},"17":{"start":{"line":24,"column":6},"end":{"line":24,"column":13}},"18":{"start":{"line":27,"column":4},"end":{"line":30,"column":5}},"19":{"start":{"line":28,"column":6},"end":{"line":28,"column":50}},"20":{"start":{"line":29,"column":6},"end":{"line":29,"column":13}},"21":{"start":{"line":32,"column":4},"end":{"line":38,"column":5}},"22":{"start":{"line":33,"column":6},"end":{"line":33,"column":42}},"23":{"start":{"line":37,"column":6},"end":{"line":37,"column":41}},"24":{"start":{"line":41,"column":27},"end":{"line":44,"column":3}},"25":{"start":{"line":42,"column":4},"end":{"line":42,"column":17}},"26":{"start":{"line":43,"column":4},"end":{"line":43,"column":27}},"27":{"start":{"line":46,"column":23},"end":{"line":46,"column":42}},"28":{"start":{"line":48,"column":2},"end":{"line":129,"column":4}},"29":{"start":{"line":92,"column":33},"end":{"line":92,"column":63}},"30":{"start":{"line":132,"column":15},"end":{"line":170,"column":2}}},"fnMap":{"0":{"name":"LoginScreen","decl":{"start":{"line":7,"column":24},"end":{"line":7,"column":35}},"loc":{"start":{"line":7,"column":35},"end":{"line":130,"column":1}}},"1":{"name":"(anonymous_10)","decl":{"start":{"line":16,"column":22},"end":{"line":16,"column":27}},"loc":{"start":{"line":16,"column":33},"end":{"line":39,"column":3}}},"2":{"name":"(anonymous_11)","decl":{"start":{"line":41,"column":27},"end":{"line":41,"column":30}},"loc":{"start":{"line":41,"column":32},"end":{"line":44,"column":3}}},"3":{"name":"(anonymous_12)","decl":{"start":{"line":92,"column":27},"end":{"line":92,"column":30}},"loc":{"start":{"line":92,"column":33},"end":{"line":92,"column":63}}}},"branchMap":{"0":{"loc":{"start":{"line":22,"column":4},"end":{"line":25,"column":5}},"type":"if","locations":[{"start":{"line":22,"column":4},"end":{"line":25,"column":5}}]},"1":{"loc":{"start":{"line":27,"column":4},"end":{"line":30,"column":5}},"type":"if","locations":[{"start":{"line":27,"column":4},"end":{"line":30,"column":5}}]},"2":{"loc":{"start":{"line":46,"column":23},"end":{"line":46,"column":42}},"type":"binary-expr","locations":[{"start":{"line":46,"column":23},"end":{"line":46,"column":33}},{"start":{"line":46,"column":37},"end":{"line":46,"column":42}}]},"3":{"loc":{"start":{"line":51,"column":16},"end":{"line":51,"column":60}},"type":"cond-expr","locations":[{"start":{"line":51,"column":40},"end":{"line":51,"column":49}},{"start":{"line":51,"column":52},"end":{"line":51,"column":60}}]},"4":{"loc":{"start":{"line":91,"column":24},"end":{"line":91,"column":56}},"type":"cond-expr","locations":[{"start":{"line":91,"column":39},"end":{"line":91,"column":48}},{"start":{"line":91,"column":51},"end":{"line":91,"column":56}}]},"5":{"loc":{"start":{"line":98,"column":13},"end":{"line":101,"column":null}},"type":"binary-expr","locations":[{"start":{"line":98,"column":13},"end":{"line":98,"column":25}},{"start":{"line":99,"column":14},"end":{"line":100,"column":null}}]}},"s":{"0":0,"1":0,"2":0,"3":0,"4":0,"5":0,"6":0,"7":0,"8":0,"9":0,"10":0,"11":0,"12":0,"13":0,"14":0,"15":0,"16":0,"17":0,"18":0,"19":0,"20":0,"21":0,"22":0,"23":0,"24":0,"25":0,"26":0,"27":0,"28":0,"29":0,"30":0},"f":{"0":0,"1":0,"2":0,"3":0},"b":{"0":[0],"1":[0],"2":[0,0],"3":[0,0],"4":[0,0],"5":[0,0]}}
,"/home/aloofbuddha/src/MessageAI/mobile/src/components/screens/SignupScreen.tsx": {"path":"/home/aloofbuddha/src/MessageAI/mobile/src/components/screens/SignupScreen.tsx","statementMap":{"0":{"start":{"line":7,"column":0},"end":{"line":7,"column":24}},"1":{"start":{"line":1,"column":0},"end":{"line":1,"column":40}},"2":{"start":{"line":2,"column":0},"end":{"line":2,"column":92}},"3":{"start":{"line":3,"column":0},"end":{"line":3,"column":73}},"4":{"start":{"line":4,"column":0},"end":{"line":4,"column":40}},"5":{"start":{"line":5,"column":0},"end":{"line":5,"column":54}},"6":{"start":{"line":8,"column":28},"end":{"line":8,"column":40}},"7":{"start":{"line":9,"column":34},"end":{"line":9,"column":46}},"8":{"start":{"line":10,"column":40},"end":{"line":10,"column":52}},"9":{"start":{"line":11,"column":42},"end":{"line":11,"column":57}},"10":{"start":{"line":12,"column":38},"end":{"line":12,"column":50}},"11":{"start":{"line":14,"column":51},"end":{"line":14,"column":65}},"12":{"start":{"line":15,"column":17},"end":{"line":15,"column":28}},"13":{"start":{"line":17,"column":23},"end":{"line":46,"column":3}},"14":{"start":{"line":18,"column":4},"end":{"line":21,"column":5}},"15":{"start":{"line":19,"column":6},"end":{"line":19,"column":54}},"16":{"start":{"line":20,"column":6},"end":{"line":20,"column":19}},"17":{"start":{"line":23,"column":4},"end":{"line":26,"column":5}},"18":{"start":{"line":24,"column":6},"end":{"line":24,"column":47}},"19":{"start":{"line":25,"column":6},"end":{"line":25,"column":19}},"20":{"start":{"line":29,"column":23},"end":{"line":29,"column":51}},"21":{"start":{"line":30,"column":4},"end":{"line":33,"column":5}},"22":{"start":{"line":31,"column":6},"end":{"line":31,"column":58}},"23":{"start":{"line":32,"column":6},"end":{"line":32,"column":19}},"24":{"start":{"line":35,"column":4},"end":{"line":38,"column":5}},"25":{"start":{"line":36,"column":6},"end":{"line":36,"column":47}},"26":{"start":{"line":37,"column":6},"end":{"line":37,"column":19}},"27":{"start":{"line":40,"column":4},"end":{"line":43,"column":5}},"28":{"start":{"line":41,"column":6},"end":{"line":41,"column":62}},"29":{"start":{"line":42,"column":6},"end":{"line":42,"column":19}},"30":{"start":{"line":45,"column":4},"end":{"line":45,"column":16}},"31":{"start":{"line":48,"column":23},"end":{"line":65,"column":3}},"32":{"start":{"line":50,"column":4},"end":{"line":50,"column":22}},"33":{"start":{"line":51,"column":4},"end":{"line":51,"column":17}},"34":{"start":{"line":54,"column":4},"end":{"line":56,"column":5}},"35":{"start":{"line":55,"column":6},"end":{"line":55,"column":13}},"36":{"start":{"line":58,"column":4},"end":{"line":64,"column":5}},"37":{"start":{"line":59,"column":6},"end":{"line":59,"column":63}},"38":{"start":{"line":63,"column":6},"end":{"line":63,"column":42}},"39":{"start":{"line":67,"column":26},"end":{"line":70,"column":3}},"40":{"start":{"line":68,"column":4},"end":{"line":68,"column":17}},"41":{"start":{"line":69,"column":4},"end":{"line":69,"column":26}},"42":{"start":{"line":72,"column":23},"end":{"line":72,"column":42}},"43":{"start":{"line":74,"column":2},"end":{"line":171,"column":4}},"44":{"start":{"line":130,"column":33},"end":{"line":130,"column":63}},"45":{"start":{"line":174,"column":15},"end":{"line":212,"column":2}}},"fnMap":{"0":{"name":"SignupScreen","decl":{"start":{"line":7,"column":24},"end":{"line":7,"column":36}},"loc":{"start":{"line":7,"column":36},"end":{"line":172,"column":1}}},"1":{"name":"(anonymous_10)","decl":{"start":{"line":17,"column":23},"end":{"line":17,"column":35}},"loc":{"start":{"line":17,"column":37},"end":{"line":46,"column":3}}},"2":{"name":"(anonymous_11)","decl":{"start":{"line":48,"column":23},"end":{"line":48,"column":28}},"loc":{"start":{"line":48,"column":34},"end":{"line":65,"column":3}}},"3":{"name":"(anonymous_12)","decl":{"start":{"line":67,"column":26},"end":{"line":67,"column":29}},"loc":{"start":{"line":67,"column":31},"end":{"line":70,"column":3}}},"4":{"name":"(anonymous_13)","decl":{"start":{"line":130,"column":27},"end":{"line":130,"column":30}},"loc":{"start":{"line":130,"column":33},"end":{"line":130,"column":63}}}},"branchMap":{"0":{"loc":{"start":{"line":18,"column":4},"end":{"line":21,"column":5}},"type":"if","locations":[{"start":{"line":18,"column":4},"end":{"line":21,"column":5}}]},"1":{"loc":{"start":{"line":23,"column":4},"end":{"line":26,"column":5}},"type":"if","locations":[{"start":{"line":23,"column":4},"end":{"line":26,"column":5}}]},"2":{"loc":{"start":{"line":30,"column":4},"end":{"line":33,"column":5}},"type":"if","locations":[{"start":{"line":30,"column":4},"end":{"line":33,"column":5}}]},"3":{"loc":{"start":{"line":35,"column":4},"end":{"line":38,"column":5}},"type":"if","locations":[{"start":{"line":35,"column":4},"end":{"line":38,"column":5}}]},"4":{"loc":{"start":{"line":40,"column":4},"end":{"line":43,"column":5}},"type":"if","locations":[{"start":{"line":40,"column":4},"end":{"line":43,"column":5}}]},"5":{"loc":{"start":{"line":54,"column":4},"end":{"line":56,"column":5}},"type":"if","locations":[{"start":{"line":54,"column":4},"end":{"line":56,"column":5}}]},"6":{"loc":{"start":{"line":72,"column":23},"end":{"line":72,"column":42}},"type":"binary-expr","locations":[{"start":{"line":72,"column":23},"end":{"line":72,"column":33}},{"start":{"line":72,"column":37},"end":{"line":72,"column":42}}]},"7":{"loc":{"start":{"line":77,"column":16},"end":{"line":77,"column":60}},"type":"cond-expr","locations":[{"start":{"line":77,"column":40},"end":{"line":77,"column":49}},{"start":{"line":77,"column":52},"end":{"line":77,"column":60}}]},"8":{"loc":{"start":{"line":129,"column":24},"end":{"line":129,"column":56}},"type":"cond-expr","locations":[{"start":{"line":129,"column":39},"end":{"line":129,"column":48}},{"start":{"line":129,"column":51},"end":{"line":129,"column":56}}]},"9":{"loc":{"start":{"line":136,"column":45},"end":{"line":136,"column":77}},"type":"binary-expr","locations":[{"start":{"line":136,"column":45},"end":{"line":136,"column":54}},{"start":{"line":136,"column":58},"end":{"line":136,"column":77}}]},"10":{"loc":{"start":{"line":140,"column":13},"end":{"line":143,"column":null}},"type":"binary-expr","locations":[{"start":{"line":140,"column":13},"end":{"line":140,"column":25}},{"start":{"line":141,"column":14},"end":{"line":142,"column":null}}]}},"s":{"0":0,"1":0,"2":0,"3":0,"4":0,"5":0,"6":0,"7":0,"8":0,"9":0,"10":0,"11":0,"12":0,"13":0,"14":0,"15":0,"16":0,"17":0,"18":0,"19":0,"20":0,"21":0,"22":0,"23":0,"24":0,"25":0,"26":0,"27":0,"28":0,"29":0,"30":0,"31":0,"32":0,"33":0,"34":0,"35":0,"36":0,"37":0,"38":0,"39":0,"40":0,"41":0,"42":0,"43":0,"44":0,"45":0},"f":{"0":0,"1":0,"2":0,"3":0,"4":0},"b":{"0":[0],"1":[0],"2":[0],"3":[0],"4":[0],"5":[0],"6":[0,0],"7":[0,0],"8":[0,0],"9":[0,0],"10":[0,0]}}
,"/home/aloofbuddha/src/MessageAI/mobile/src/services/firebase/config.ts": {"path":"/home/aloofbuddha/src/MessageAI/mobile/src/services/firebase/config.ts","statementMap":{"0":{"start":{"line":1,"column":0},"end":{"line":1,"column":45}},"1":{"start":{"line":2,"column":0},"end":{"line":2,"column":40}},"2":{"start":{"line":3,"column":0},"end":{"line":3,"column":50}},"3":{"start":{"line":4,"column":0},"end":{"line":4,"column":46}},"4":{"start":{"line":5,"column":0},"end":{"line":5,"column":38}},"5":{"start":{"line":8,"column":0},"end":{"line":11,"column":3}},"6":{"start":{"line":14,"column":21},"end":{"line":14,"column":33}},"7":{"start":{"line":15,"column":0},"end":{"line":18,"column":2}},"8":{"start":{"line":16,"column":2},"end":{"line":16,"column":52}},"9":{"start":{"line":16,"column":45},"end":{"line":16,"column":52}},"10":{"start":{"line":17,"column":2},"end":{"line":17,"column":24}},"11":{"start":{"line":20,"column":23},"end":{"line":27,"column":2}},"12":{"start":{"line":29,"column":13},"end":{"line":29,"column":49}},"13":{"start":{"line":30,"column":13},"end":{"line":30,"column":33}},"14":{"start":{"line":31,"column":13},"end":{"line":31,"column":43}},"15":{"start":{"line":32,"column":13},"end":{"line":32,"column":39}}},"fnMap":{"0":{"name":"(anonymous_0)","decl":{"start":{"line":15,"column":15},"end":{"line":15,"column":16}},"loc":{"start":{"line":15,"column":27},"end":{"line":18,"column":1}}}},"branchMap":{"0":{"loc":{"start":{"line":16,"column":2},"end":{"line":16,"column":52}},"type":"if","locations":[{"start":{"line":16,"column":2},"end":{"line":16,"column":52}}]}},"s":{"0":0,"1":0,"2":0,"3":0,"4":0,"5":0,"6":0,"7":0,"8":0,"9":0,"10":0,"11":0,"12":0,"13":0,"14":0,"15":0},"f":{"0":0},"b":{"0":[0]}}
,"/home/aloofbuddha/src/MessageAI/mobile/src/services/firestore/conversationsService.ts": {"path":"/home/aloofbuddha/src/MessageAI/mobile/src/services/firestore/conversationsService.ts","statementMap":{"0":{"start":{"line":18,"column":0},"end":{"line":18,"column":16}},"1":{"start":{"line":63,"column":0},"end":{"line":63,"column":7}},"2":{"start":{"line":94,"column":0},"end":{"line":94,"column":16}},"3":{"start":{"line":1,"column":0},"end":{"line":1,"column":null}},"4":{"start":{"line":12,"column":0},"end":{"line":12,"column":53}},"5":{"start":{"line":23,"column":12},"end":{"line":26,"column":null}},"6":{"start":{"line":29,"column":2},"end":{"line":56,"column":4}},"7":{"start":{"line":32,"column":28},"end":{"line":49,"column":8}},"8":{"start":{"line":33,"column":21},"end":{"line":33,"column":31}},"9":{"start":{"line":34,"column":8},"end":{"line":48,"column":26}},"10":{"start":{"line":50,"column":6},"end":{"line":50,"column":30}},"11":{"start":{"line":53,"column":6},"end":{"line":53,"column":64}},"12":{"start":{"line":54,"column":6},"end":{"line":54,"column":34}},"13":{"start":{"line":54,"column":19},"end":{"line":54,"column":34}},"14":{"start":{"line":69,"column":2},"end":{"line":86,"column":3}},"15":{"start":{"line":70,"column":19},"end":{"line":79,"column":6}},"16":{"start":{"line":81,"column":4},"end":{"line":81,"column":60}},"17":{"start":{"line":82,"column":4},"end":{"line":82,"column":21}},"18":{"start":{"line":84,"column":4},"end":{"line":84,"column":57}},"19":{"start":{"line":85,"column":4},"end":{"line":85,"column":16}},"20":{"start":{"line":99,"column":2},"end":{"line":101,"column":3}},"21":{"start":{"line":100,"column":4},"end":{"line":100,"column":48}},"22":{"start":{"line":104,"column":22},"end":{"line":104,"column":80}},"23":{"start":{"line":104,"column":59},"end":{"line":104,"column":79}},"24":{"start":{"line":105,"column":2},"end":{"line":105,"column":37}},"25":{"start":{"line":105,"column":20},"end":{"line":105,"column":37}},"26":{"start":{"line":107,"column":20},"end":{"line":107,"column":42}},"27":{"start":{"line":108,"column":2},"end":{"line":108,"column":50}}},"fnMap":{"0":{"name":"listenToUserConversations","decl":{"start":{"line":18,"column":16},"end":{"line":18,"column":41}},"loc":{"start":{"line":21,"column":34},"end":{"line":57,"column":1}}},"1":{"name":"(anonymous_1)","decl":{"start":{"line":31,"column":4},"end":{"line":31,"column":5}},"loc":{"start":{"line":31,"column":17},"end":{"line":51,"column":5}}},"2":{"name":"(anonymous_2)","decl":{"start":{"line":32,"column":46},"end":{"line":32,"column":47}},"loc":{"start":{"line":32,"column":54},"end":{"line":49,"column":7}}},"3":{"name":"(anonymous_3)","decl":{"start":{"line":52,"column":4},"end":{"line":52,"column":5}},"loc":{"start":{"line":52,"column":14},"end":{"line":55,"column":5}}},"4":{"name":"createConversation","decl":{"start":{"line":63,"column":22},"end":{"line":63,"column":40}},"loc":{"start":{"line":67,"column":15},"end":{"line":87,"column":1}}},"5":{"name":"getConversationDisplayName","decl":{"start":{"line":94,"column":16},"end":{"line":94,"column":42}},"loc":{"start":{"line":97,"column":45},"end":{"line":109,"column":1}}},"6":{"name":"(anonymous_6)","decl":{"start":{"line":104,"column":53},"end":{"line":104,"column":55}},"loc":{"start":{"line":104,"column":59},"end":{"line":104,"column":79}}}},"branchMap":{"0":{"loc":{"start":{"line":37,"column":16},"end":{"line":37,"column":33}},"type":"binary-expr","locations":[{"start":{"line":37,"column":16},"end":{"line":37,"column":25}},{"start":{"line":37,"column":29},"end":{"line":37,"column":33}}]},"1":{"loc":{"start":{"line":39,"column":23},"end":{"line":39,"column":47}},"type":"binary-expr","locations":[{"start":{"line":39,"column":23},"end":{"line":39,"column":39}},{"start":{"line":39,"column":43},"end":{"line":39,"column":47}}]},"2":{"loc":{"start":{"line":40,"column":32},"end":{"line":42,"column":18}},"type":"cond-expr","locations":[{"start":{"line":41,"column":15},"end":{"line":41,"column":63}},{"start":{"line":42,"column":14},"end":{"line":42,"column":18}}]},"3":{"loc":{"start":{"line":43,"column":27},"end":{"line":43,"column":55}},"type":"binary-expr","locations":[{"start":{"line":43,"column":27},"end":{"line":43,"column":47}},{"start":{"line":43,"column":51},"end":{"line":43,"column":55}}]},"4":{"loc":{"start":{"line":44,"column":21},"end":{"line":46,"column":24}},"type":"cond-expr","locations":[{"start":{"line":45,"column":15},"end":{"line":45,"column":52}},{"start":{"line":46,"column":14},"end":{"line":46,"column":24}}]},"5":{"loc":{"start":{"line":54,"column":6},"end":{"line":54,"column":34}},"type":"if","locations":[{"start":{"line":54,"column":6},"end":{"line":54,"column":34}}]},"6":{"loc":{"start":{"line":72,"column":12},"end":{"line":72,"column":24}},"type":"binary-expr","locations":[{"start":{"line":72,"column":12},"end":{"line":72,"column":16}},{"start":{"line":72,"column":20},"end":{"line":72,"column":24}}]},"7":{"loc":{"start":{"line":99,"column":2},"end":{"line":101,"column":3}},"type":"if","locations":[{"start":{"line":99,"column":2},"end":{"line":101,"column":3}}]},"8":{"loc":{"start":{"line":100,"column":11},"end":{"line":100,"column":47}},"type":"binary-expr","locations":[{"start":{"line":100,"column":11},"end":{"line":100,"column":28}},{"start":{"line":100,"column":32},"end":{"line":100,"column":47}}]},"9":{"loc":{"start":{"line":105,"column":2},"end":{"line":105,"column":37}},"type":"if","locations":[{"start":{"line":105,"column":2},"end":{"line":105,"column":37}}]},"10":{"loc":{"start":{"line":108,"column":9},"end":{"line":108,"column":49}},"type":"binary-expr","locations":[{"start":{"line":108,"column":9},"end":{"line":108,"column":31}},{"start":{"line":108,"column":35},"end":{"line":108,"column":49}}]}},"s":{"0":0,"1":0,"2":0,"3":0,"4":0,"5":0,"6":0,"7":0,"8":0,"9":0,"10":0,"11":0,"12":0,"13":0,"14":0,"15":0,"16":0,"17":0,"18":0,"19":0,"20":0,"21":0,"22":0,"23":0,"24":0,"25":0,"26":0,"27":0},"f":{"0":0,"1":0,"2":0,"3":0,"4":0,"5":0,"6":0},"b":{"0":[0,0],"1":[0,0],"2":[0,0],"3":[0,0],"4":[0,0],"5":[0],"6":[0,0],"7":[0],"8":[0,0],"9":[0],"10":[0,0]}}
,"/home/aloofbuddha/src/MessageAI/mobile/src/services/firestore/messagesService.ts": {"path":"/home/aloofbuddha/src/MessageAI/mobile/src/services/firestore/messagesService.ts","statementMap":{"0":{"start":{"line":19,"column":0},"end":{"line":19,"column":16}},"1":{"start":{"line":60,"column":0},"end":{"line":60,"column":7}},"2":{"start":{"line":100,"column":0},"end":{"line":100,"column":7}},"3":{"start":{"line":1,"column":0},"end":{"line":1,"column":null}},"4":{"start":{"line":13,"column":0},"end":{"line":13,"column":47}},"5":{"start":{"line":24,"column":22},"end":{"line":24,"column":87}},"6":{"start":{"line":25,"column":12},"end":{"line":25,"column":59}},"7":{"start":{"line":27,"column":2},"end":{"line":54,"column":4}},"8":{"start":{"line":30,"column":23},"end":{"line":47,"column":8}},"9":{"start":{"line":31,"column":21},"end":{"line":31,"column":31}},"10":{"start":{"line":32,"column":8},"end":{"line":46,"column":21}},"11":{"start":{"line":48,"column":6},"end":{"line":48,"column":25}},"12":{"start":{"line":51,"column":6},"end":{"line":51,"column":59}},"13":{"start":{"line":52,"column":6},"end":{"line":52,"column":34}},"14":{"start":{"line":52,"column":19},"end":{"line":52,"column":34}},"15":{"start":{"line":68,"column":2},"end":{"line":94,"column":3}},"16":{"start":{"line":69,"column":24},"end":{"line":69,"column":89}},"17":{"start":{"line":71,"column":19},"end":{"line":81,"column":6}},"18":{"start":{"line":84,"column":28},"end":{"line":84,"column":75}},"19":{"start":{"line":85,"column":4},"end":{"line":88,"column":7}},"20":{"start":{"line":90,"column":4},"end":{"line":90,"column":21}},"21":{"start":{"line":92,"column":4},"end":{"line":92,"column":51}},"22":{"start":{"line":93,"column":4},"end":{"line":93,"column":16}},"23":{"start":{"line":106,"column":2},"end":{"line":121,"column":3}},"24":{"start":{"line":107,"column":23},"end":{"line":107,"column":92}},"25":{"start":{"line":109,"column":25},"end":{"line":109,"column":35}},"26":{"start":{"line":111,"column":4},"end":{"line":115,"column":5}},"27":{"start":{"line":112,"column":6},"end":{"line":112,"column":69}},"28":{"start":{"line":113,"column":11},"end":{"line":115,"column":5}},"29":{"start":{"line":114,"column":6},"end":{"line":114,"column":59}},"30":{"start":{"line":117,"column":4},"end":{"line":117,"column":41}},"31":{"start":{"line":119,"column":4},"end":{"line":119,"column":59}},"32":{"start":{"line":120,"column":4},"end":{"line":120,"column":16}}},"fnMap":{"0":{"name":"listenToMessages","decl":{"start":{"line":19,"column":16},"end":{"line":19,"column":32}},"loc":{"start":{"line":22,"column":34},"end":{"line":55,"column":1}}},"1":{"name":"(anonymous_1)","decl":{"start":{"line":29,"column":4},"end":{"line":29,"column":5}},"loc":{"start":{"line":29,"column":17},"end":{"line":49,"column":5}}},"2":{"name":"(anonymous_2)","decl":{"start":{"line":30,"column":41},"end":{"line":30,"column":42}},"loc":{"start":{"line":30,"column":49},"end":{"line":47,"column":7}}},"3":{"name":"(anonymous_3)","decl":{"start":{"line":50,"column":4},"end":{"line":50,"column":5}},"loc":{"start":{"line":50,"column":14},"end":{"line":53,"column":5}}},"4":{"name":"sendMessage","decl":{"start":{"line":60,"column":22},"end":{"line":60,"column":33}},"loc":{"start":{"line":66,"column":31},"end":{"line":95,"column":1}}},"5":{"name":"updateMessageStatus","decl":{"start":{"line":100,"column":22},"end":{"line":100,"column":41}},"loc":{"start":{"line":104,"column":17},"end":{"line":122,"column":1}}}},"branchMap":{"0":{"loc":{"start":{"line":38,"column":20},"end":{"line":38,"column":41}},"type":"binary-expr","locations":[{"start":{"line":38,"column":20},"end":{"line":38,"column":33}},{"start":{"line":38,"column":37},"end":{"line":38,"column":41}}]},"1":{"loc":{"start":{"line":39,"column":21},"end":{"line":41,"column":24}},"type":"cond-expr","locations":[{"start":{"line":40,"column":15},"end":{"line":40,"column":52}},{"start":{"line":41,"column":14},"end":{"line":41,"column":24}}]},"2":{"loc":{"start":{"line":42,"column":18},"end":{"line":42,"column":39}},"type":"binary-expr","locations":[{"start":{"line":42,"column":18},"end":{"line":42,"column":29}},{"start":{"line":42,"column":33},"end":{"line":42,"column":39}}]},"3":{"loc":{"start":{"line":43,"column":23},"end":{"line":43,"column":45}},"type":"binary-expr","locations":[{"start":{"line":43,"column":23},"end":{"line":43,"column":39}},{"start":{"line":43,"column":43},"end":{"line":43,"column":45}}]},"4":{"loc":{"start":{"line":44,"column":18},"end":{"line":44,"column":35}},"type":"binary-expr","locations":[{"start":{"line":44,"column":18},"end":{"line":44,"column":29}},{"start":{"line":44,"column":33},"end":{"line":44,"column":35}}]},"5":{"loc":{"start":{"line":45,"column":19},"end":{"line":45,"column":39}},"type":"binary-expr","locations":[{"start":{"line":45,"column":19},"end":{"line":45,"column":31}},{"start":{"line":45,"column":35},"end":{"line":45,"column":39}}]},"6":{"loc":{"start":{"line":52,"column":6},"end":{"line":52,"column":34}},"type":"if","locations":[{"start":{"line":52,"column":6},"end":{"line":52,"column":34}}]},"7":{"loc":{"start":{"line":64,"column":2},"end":{"line":64,"column":33}},"type":"default-arg","locations":[{"start":{"line":64,"column":27},"end":{"line":64,"column":33}}]},"8":{"loc":{"start":{"line":65,"column":2},"end":{"line":65,"column":32}},"type":"default-arg","locations":[{"start":{"line":65,"column":28},"end":{"line":65,"column":32}}]},"9":{"loc":{"start":{"line":66,"column":2},"end":{"line":66,"column":31}},"type":"default-arg","locations":[{"start":{"line":66,"column":27},"end":{"line":66,"column":31}}]},"10":{"loc":{"start":{"line":111,"column":4},"end":{"line":115,"column":5}},"type":"if","locations":[{"start":{"line":111,"column":4},"end":{"line":115,"column":5}},{"start":{"line":113,"column":11},"end":{"line":115,"column":5}}]},"11":{"loc":{"start":{"line":111,"column":8},"end":{"line":111,"column":40}},"type":"binary-expr","locations":[{"start":{"line":111,"column":8},"end":{"line":111,"column":30}},{"start":{"line":111,"column":34},"end":{"line":111,"column":40}}]},"12":{"loc":{"start":{"line":112,"column":33},"end":{"line":112,"column":58}},"type":"binary-expr","locations":[{"start":{"line":112,"column":33},"end":{"line":112,"column":52}},{"start":{"line":112,"column":56},"end":{"line":112,"column":58}}]},"13":{"loc":{"start":{"line":113,"column":11},"end":{"line":115,"column":5}},"type":"if","locations":[{"start":{"line":113,"column":11},"end":{"line":115,"column":5}}]},"14":{"loc":{"start":{"line":113,"column":15},"end":{"line":113,"column":42}},"type":"binary-expr","locations":[{"start":{"line":113,"column":15},"end":{"line":113,"column":32}},{"start":{"line":113,"column":36},"end":{"line":113,"column":42}}]},"15":{"loc":{"start":{"line":114,"column":28},"end":{"line":114,"column":48}},"type":"binary-expr","locations":[{"start":{"line":114,"column":28},"end":{"line":114,"column":42}},{"start":{"line":114,"column":46},"end":{"line":114,"column":48}}]}},"s":{"0":2,"1":2,"2":2,"3":2,"4":2,"5":0,"6":0,"7":0,"8":0,"9":0,"10":0,"11":0,"12":0,"13":0,"14":0,"15":0,"16":0,"17":0,"18":0,"19":0,"20":0,"21":0,"22":0,"23":0,"24":0,"25":0,"26":0,"27":0,"28":0,"29":0,"30":0,"31":0,"32":0},"f":{"0":0,"1":0,"2":0,"3":0,"4":0,"5":0},"b":{"0":[0,0],"1":[0,0],"2":[0,0],"3":[0,0],"4":[0,0],"5":[0,0],"6":[0],"7":[0],"8":[0],"9":[0],"10":[0,0],"11":[0,0],"12":[0,0],"13":[0],"14":[0,0],"15":[0,0]}}
,"/home/aloofbuddha/src/MessageAI/mobile/src/services/firestore/usersService.ts": {"path":"/home/aloofbuddha/src/MessageAI/mobile/src/services/firestore/usersService.ts","statementMap":{"0":{"start":{"line":8,"column":0},"end":{"line":8,"column":7}},"1":{"start":{"line":33,"column":0},"end":{"line":33,"column":7}},"2":{"start":{"line":67,"column":0},"end":{"line":67,"column":7}},"3":{"start":{"line":86,"column":0},"end":{"line":86,"column":7}},"4":{"start":{"line":1,"column":0},"end":{"line":1,"column":85}},"5":{"start":{"line":3,"column":0},"end":{"line":3,"column":47}},"6":{"start":{"line":9,"column":2},"end":{"line":27,"column":3}},"7":{"start":{"line":10,"column":20},"end":{"line":10,"column":52}},"8":{"start":{"line":13,"column":4},"end":{"line":21,"column":7}},"9":{"start":{"line":23,"column":4},"end":{"line":23,"column":64}},"10":{"start":{"line":25,"column":4},"end":{"line":25,"column":58}},"11":{"start":{"line":26,"column":4},"end":{"line":26,"column":16}},"12":{"start":{"line":34,"column":2},"end":{"line":61,"column":3}},"13":{"start":{"line":35,"column":20},"end":{"line":35,"column":51}},"14":{"start":{"line":36,"column":21},"end":{"line":36,"column":42}},"15":{"start":{"line":38,"column":4},"end":{"line":41,"column":5}},"16":{"start":{"line":39,"column":6},"end":{"line":39,"column":57}},"17":{"start":{"line":40,"column":6},"end":{"line":40,"column":18}},"18":{"start":{"line":43,"column":17},"end":{"line":43,"column":32}},"19":{"start":{"line":46,"column":23},"end":{"line":55,"column":6}},"20":{"start":{"line":57,"column":4},"end":{"line":57,"column":16}},"21":{"start":{"line":59,"column":4},"end":{"line":59,"column":57}},"22":{"start":{"line":60,"column":4},"end":{"line":60,"column":16}},"23":{"start":{"line":68,"column":2},"end":{"line":80,"column":3}},"24":{"start":{"line":69,"column":20},"end":{"line":69,"column":51}},"25":{"start":{"line":71,"column":4},"end":{"line":74,"column":7}},"26":{"start":{"line":76,"column":4},"end":{"line":76,"column":89}},"27":{"start":{"line":78,"column":4},"end":{"line":78,"column":58}},"28":{"start":{"line":79,"column":4},"end":{"line":79,"column":16}},"29":{"start":{"line":87,"column":2},"end":{"line":98,"column":3}},"30":{"start":{"line":88,"column":20},"end":{"line":88,"column":51}},"31":{"start":{"line":90,"column":4},"end":{"line":92,"column":7}},"32":{"start":{"line":94,"column":4},"end":{"line":94,"column":51}},"33":{"start":{"line":96,"column":4},"end":{"line":96,"column":54}},"34":{"start":{"line":97,"column":4},"end":{"line":97,"column":16}}},"fnMap":{"0":{"name":"createUserDocument","decl":{"start":{"line":8,"column":22},"end":{"line":8,"column":40}},"loc":{"start":{"line":8,"column":51},"end":{"line":28,"column":1}}},"1":{"name":"getUserDocument","decl":{"start":{"line":33,"column":22},"end":{"line":33,"column":37}},"loc":{"start":{"line":33,"column":52},"end":{"line":62,"column":1}}},"2":{"name":"updateUserPresence","decl":{"start":{"line":67,"column":22},"end":{"line":67,"column":40}},"loc":{"start":{"line":67,"column":74},"end":{"line":81,"column":1}}},"3":{"name":"updateUserFCMToken","decl":{"start":{"line":86,"column":22},"end":{"line":86,"column":40}},"loc":{"start":{"line":86,"column":73},"end":{"line":99,"column":1}}}},"branchMap":{"0":{"loc":{"start":{"line":38,"column":4},"end":{"line":41,"column":5}},"type":"if","locations":[{"start":{"line":38,"column":4},"end":{"line":41,"column":5}}]},"1":{"loc":{"start":{"line":50,"column":25},"end":{"line":50,"column":55}},"type":"binary-expr","locations":[{"start":{"line":50,"column":25},"end":{"line":50,"column":47}},{"start":{"line":50,"column":51},"end":{"line":50,"column":55}}]},"2":{"loc":{"start":{"line":51,"column":16},"end":{"line":51,"column":38}},"type":"binary-expr","locations":[{"start":{"line":51,"column":16},"end":{"line":51,"column":29}},{"start":{"line":51,"column":33},"end":{"line":51,"column":38}}]},"3":{"loc":{"start":{"line":52,"column":16},"end":{"line":52,"column":53}},"type":"binary-expr","locations":[{"start":{"line":52,"column":16},"end":{"line":52,"column":39}},{"start":{"line":52,"column":43},"end":{"line":52,"column":53}}]},"4":{"loc":{"start":{"line":53,"column":16},"end":{"line":53,"column":37}},"type":"binary-expr","locations":[{"start":{"line":53,"column":16},"end":{"line":53,"column":29}},{"start":{"line":53,"column":33},"end":{"line":53,"column":37}}]},"5":{"loc":{"start":{"line":54,"column":17},"end":{"line":54,"column":55}},"type":"binary-expr","locations":[{"start":{"line":54,"column":17},"end":{"line":54,"column":41}},{"start":{"line":54,"column":45},"end":{"line":54,"column":55}}]},"6":{"loc":{"start":{"line":76,"column":54},"end":{"line":76,"column":85}},"type":"cond-expr","locations":[{"start":{"line":76,"column":65},"end":{"line":76,"column":73}},{"start":{"line":76,"column":76},"end":{"line":76,"column":85}}]}},"s":{"0":1,"1":1,"2":1,"3":1,"4":1,"5":1,"6":0,"7":0,"8":0,"9":0,"10":0,"11":0,"12":0,"13":0,"14":0,"15":0,"16":0,"17":0,"18":0,"19":0,"20":0,"21":0,"22":0,"23":0,"24":0,"25":0,"26":0,"27":0,"28":0,"29":0,"30":0,"31":0,"32":0,"33":0,"34":0},"f":{"0":0,"1":0,"2":0,"3":0},"b":{"0":[0],"1":[0,0],"2":[0,0],"3":[0,0],"4":[0,0],"5":[0,0],"6":[0,0]}}
,"/home/aloofbuddha/src/MessageAI/mobile/src/services/network/networkMonitor.ts": {"path":"/home/aloofbuddha/src/MessageAI/mobile/src/services/network/networkMonitor.ts","statementMap":{"0":{"start":{"line":20,"column":0},"end":{"line":20,"column":16}},"1":{"start":{"line":55,"column":0},"end":{"line":55,"column":16}},"2":{"start":{"line":62,"column":0},"end":{"line":62,"column":16}},"3":{"start":{"line":74,"column":0},"end":{"line":74,"column":16}},"4":{"start":{"line":1,"column":0},"end":{"line":1,"column":72}},"5":{"start":{"line":2,"column":0},"end":{"line":2,"column":44}},"6":{"start":{"line":9,"column":42},"end":{"line":12,"column":2}},"7":{"start":{"line":14,"column":18},"end":{"line":14,"column":60}},"8":{"start":{"line":22,"column":2},"end":{"line":29,"column":5}},"9":{"start":{"line":23,"column":41},"end":{"line":26,"column":6}},"10":{"start":{"line":27,"column":4},"end":{"line":27,"column":41}},"11":{"start":{"line":28,"column":4},"end":{"line":28,"column":61}},"12":{"start":{"line":32,"column":2},"end":{"line":49,"column":5}},"13":{"start":{"line":33,"column":37},"end":{"line":36,"column":6}},"14":{"start":{"line":39,"column":4},"end":{"line":48,"column":5}},"15":{"start":{"line":43,"column":6},"end":{"line":43,"column":39}},"16":{"start":{"line":44,"column":6},"end":{"line":44,"column":59}},"17":{"start":{"line":47,"column":6},"end":{"line":47,"column":57}},"18":{"start":{"line":47,"column":36},"end":{"line":47,"column":55}},"19":{"start":{"line":56,"column":2},"end":{"line":56,"column":30}},"20":{"start":{"line":63,"column":2},"end":{"line":63,"column":26}},"21":{"start":{"line":66,"column":2},"end":{"line":68,"column":4}},"22":{"start":{"line":67,"column":4},"end":{"line":67,"column":31}},"23":{"start":{"line":75,"column":30},"end":{"line":75,"column":75}},"24":{"start":{"line":77,"column":2},"end":{"line":92,"column":9}},"25":{"start":{"line":79,"column":4},"end":{"line":86,"column":7}},"26":{"start":{"line":80,"column":43},"end":{"line":83,"column":8}},"27":{"start":{"line":84,"column":6},"end":{"line":84,"column":43}},"28":{"start":{"line":85,"column":6},"end":{"line":85,"column":31}},"29":{"start":{"line":89,"column":24},"end":{"line":89,"column":59}},"30":{"start":{"line":91,"column":4},"end":{"line":91,"column":23}},"31":{"start":{"line":94,"column":2},"end":{"line":94,"column":16}}},"fnMap":{"0":{"name":"initializeNetworkMonitor","decl":{"start":{"line":20,"column":16},"end":{"line":20,"column":40}},"loc":{"start":{"line":20,"column":40},"end":{"line":50,"column":1}}},"1":{"name":"(anonymous_2)","decl":{"start":{"line":22,"column":23},"end":{"line":22,"column":24}},"loc":{"start":{"line":22,"column":47},"end":{"line":29,"column":3}}},"2":{"name":"(anonymous_3)","decl":{"start":{"line":32,"column":27},"end":{"line":32,"column":28}},"loc":{"start":{"line":32,"column":51},"end":{"line":49,"column":3}}},"3":{"name":"(anonymous_4)","decl":{"start":{"line":47,"column":24},"end":{"line":47,"column":32}},"loc":{"start":{"line":47,"column":36},"end":{"line":47,"column":55}}},"4":{"name":"getNetworkStatus","decl":{"start":{"line":55,"column":16},"end":{"line":55,"column":32}},"loc":{"start":{"line":55,"column":32},"end":{"line":57,"column":1}}},"5":{"name":"subscribeToNetworkStatus","decl":{"start":{"line":62,"column":16},"end":{"line":62,"column":40}},"loc":{"start":{"line":62,"column":82},"end":{"line":69,"column":1}}},"6":{"name":"(anonymous_7)","decl":{"start":{"line":66,"column":9},"end":{"line":66,"column":12}},"loc":{"start":{"line":66,"column":14},"end":{"line":68,"column":3}}},"7":{"name":"useNetworkStatus","decl":{"start":{"line":74,"column":16},"end":{"line":74,"column":32}},"loc":{"start":{"line":74,"column":32},"end":{"line":95,"column":1}}},"8":{"name":"(anonymous_9)","decl":{"start":{"line":77,"column":12},"end":{"line":77,"column":15}},"loc":{"start":{"line":77,"column":17},"end":{"line":92,"column":3}}},"9":{"name":"(anonymous_10)","decl":{"start":{"line":79,"column":25},"end":{"line":79,"column":26}},"loc":{"start":{"line":79,"column":49},"end":{"line":86,"column":5}}}},"branchMap":{"0":{"loc":{"start":{"line":24,"column":19},"end":{"line":24,"column":45}},"type":"binary-expr","locations":[{"start":{"line":24,"column":19},"end":{"line":24,"column":36}},{"start":{"line":24,"column":40},"end":{"line":24,"column":45}}]},"1":{"loc":{"start":{"line":25,"column":27},"end":{"line":25,"column":60}},"type":"binary-expr","locations":[{"start":{"line":25,"column":27},"end":{"line":25,"column":52}},{"start":{"line":25,"column":56},"end":{"line":25,"column":60}}]},"2":{"loc":{"start":{"line":34,"column":19},"end":{"line":34,"column":45}},"type":"binary-expr","locations":[{"start":{"line":34,"column":19},"end":{"line":34,"column":36}},{"start":{"line":34,"column":40},"end":{"line":34,"column":45}}]},"3":{"loc":{"start":{"line":35,"column":27},"end":{"line":35,"column":60}},"type":"binary-expr","locations":[{"start":{"line":35,"column":27},"end":{"line":35,"column":52}},{"start":{"line":35,"column":56},"end":{"line":35,"column":60}}]},"4":{"loc":{"start":{"line":39,"column":4},"end":{"line":48,"column":5}},"type":"if","locations":[{"start":{"line":39,"column":4},"end":{"line":48,"column":5}}]},"5":{"loc":{"start":{"line":40,"column":6},"end":{"line":41,"column":80}},"type":"binary-expr","locations":[{"start":{"line":40,"column":6},"end":{"line":40,"column":64}},{"start":{"line":41,"column":6},"end":{"line":41,"column":80}}]},"6":{"loc":{"start":{"line":81,"column":21},"end":{"line":81,"column":47}},"type":"binary-expr","locations":[{"start":{"line":81,"column":21},"end":{"line":81,"column":38}},{"start":{"line":81,"column":42},"end":{"line":81,"column":47}}]},"7":{"loc":{"start":{"line":82,"column":29},"end":{"line":82,"column":62}},"type":"binary-expr","locations":[{"start":{"line":82,"column":29},"end":{"line":82,"column":54}},{"start":{"line":82,"column":58},"end":{"line":82,"column":62}}]}},"s":{"0":3,"1":3,"2":3,"3":3,"4":3,"5":3,"6":3,"7":3,"8":0,"9":0,"10":0,"11":0,"12":0,"13":0,"14":0,"15":0,"16":0,"17":0,"18":0,"19":1,"20":2,"21":2,"22":1,"23":0,"24":0,"25":0,"26":0,"27":0,"28":0,"29":0,"30":0,"31":0},"f":{"0":0,"1":0,"2":0,"3":0,"4":1,"5":2,"6":1,"7":0,"8":0,"9":0},"b":{"0":[0,0],"1":[0,0],"2":[0,0],"3":[0,0],"4":[0],"5":[0,0],"6":[0,0],"7":[0,0]}}
,"/home/aloofbuddha/src/MessageAI/mobile/src/services/sqlite/conversationRepository.ts": {"path":"/home/aloofbuddha/src/MessageAI/mobile/src/services/sqlite/conversationRepository.ts","statementMap":{"0":{"start":{"line":2,"column":0},"end":{"line":2,"column":32}},"1":{"start":{"line":9,"column":4},"end":{"line":25,"column":6}},"2":{"start":{"line":32,"column":4},"end":{"line":32,"column":43}},"3":{"start":{"line":32,"column":36},"end":{"line":32,"column":43}},"4":{"start":{"line":34,"column":4},"end":{"line":54,"column":7}},"5":{"start":{"line":35,"column":6},"end":{"line":53,"column":7}},"6":{"start":{"line":36,"column":8},"end":{"line":52,"column":10}},"7":{"start":{"line":61,"column":17},"end":{"line":75,"column":null}},"8":{"start":{"line":78,"column":4},"end":{"line":88,"column":8}},"9":{"start":{"line":78,"column":30},"end":{"line":88,"column":6}},"10":{"start":{"line":95,"column":16},"end":{"line":107,"column":null}},"11":{"start":{"line":110,"column":4},"end":{"line":110,"column":26}},"12":{"start":{"line":110,"column":14},"end":{"line":110,"column":26}},"13":{"start":{"line":112,"column":4},"end":{"line":122,"column":6}},"14":{"start":{"line":129,"column":4},"end":{"line":129,"column":75}},"15":{"start":{"line":136,"column":4},"end":{"line":136,"column":44}},"16":{"start":{"line":4,"column":0},"end":{"line":4,"column":13}},"17":{"start":{"line":140,"column":13},"end":{"line":140,"column":67}}},"fnMap":{"0":{"name":"(anonymous_0)","decl":{"start":{"line":8,"column":2},"end":{"line":8,"column":7}},"loc":{"start":{"line":8,"column":41},"end":{"line":26,"column":3}}},"1":{"name":"(anonymous_1)","decl":{"start":{"line":31,"column":2},"end":{"line":31,"column":7}},"loc":{"start":{"line":31,"column":48},"end":{"line":55,"column":3}}},"2":{"name":"(anonymous_2)","decl":{"start":{"line":34,"column":27},"end":{"line":34,"column":30}},"loc":{"start":{"line":34,"column":32},"end":{"line":54,"column":5}}},"3":{"name":"(anonymous_3)","decl":{"start":{"line":60,"column":2},"end":{"line":60,"column":7}},"loc":{"start":{"line":60,"column":33},"end":{"line":89,"column":3}}},"4":{"name":"(anonymous_4)","decl":{"start":{"line":78,"column":20},"end":{"line":78,"column":21}},"loc":{"start":{"line":78,"column":30},"end":{"line":88,"column":6}}},"5":{"name":"(anonymous_5)","decl":{"start":{"line":94,"column":2},"end":{"line":94,"column":7}},"loc":{"start":{"line":94,"column":38},"end":{"line":123,"column":3}}},"6":{"name":"(anonymous_6)","decl":{"start":{"line":128,"column":2},"end":{"line":128,"column":7}},"loc":{"start":{"line":128,"column":37},"end":{"line":130,"column":3}}},"7":{"name":"(anonymous_7)","decl":{"start":{"line":135,"column":2},"end":{"line":135,"column":7}},"loc":{"start":{"line":135,"column":17},"end":{"line":137,"column":3}}}},"branchMap":{"0":{"loc":{"start":{"line":16,"column":8},"end":{"line":16,"column":33}},"type":"binary-expr","locations":[{"start":{"line":16,"column":8},"end":{"line":16,"column":25}},{"start":{"line":16,"column":29},"end":{"line":16,"column":33}}]},"1":{"loc":{"start":{"line":18,"column":8},"end":{"line":18,"column":40}},"type":"binary-expr","locations":[{"start":{"line":18,"column":8},"end":{"line":18,"column":32}},{"start":{"line":18,"column":36},"end":{"line":18,"column":40}}]},"2":{"loc":{"start":{"line":19,"column":8},"end":{"line":19,"column":60}},"type":"binary-expr","locations":[{"start":{"line":19,"column":8},"end":{"line":19,"column":52}},{"start":{"line":19,"column":56},"end":{"line":19,"column":60}}]},"3":{"loc":{"start":{"line":20,"column":8},"end":{"line":20,"column":44}},"type":"binary-expr","locations":[{"start":{"line":20,"column":8},"end":{"line":20,"column":36}},{"start":{"line":20,"column":40},"end":{"line":20,"column":44}}]},"4":{"loc":{"start":{"line":32,"column":4},"end":{"line":32,"column":43}},"type":"if","locations":[{"start":{"line":32,"column":4},"end":{"line":32,"column":43}}]},"5":{"loc":{"start":{"line":43,"column":12},"end":{"line":43,"column":37}},"type":"binary-expr","locations":[{"start":{"line":43,"column":12},"end":{"line":43,"column":29}},{"start":{"line":43,"column":33},"end":{"line":43,"column":37}}]},"6":{"loc":{"start":{"line":45,"column":12},"end":{"line":45,"column":44}},"type":"binary-expr","locations":[{"start":{"line":45,"column":12},"end":{"line":45,"column":36}},{"start":{"line":45,"column":40},"end":{"line":45,"column":44}}]},"7":{"loc":{"start":{"line":46,"column":12},"end":{"line":46,"column":64}},"type":"binary-expr","locations":[{"start":{"line":46,"column":12},"end":{"line":46,"column":56}},{"start":{"line":46,"column":60},"end":{"line":46,"column":64}}]},"8":{"loc":{"start":{"line":47,"column":12},"end":{"line":47,"column":48}},"type":"binary-expr","locations":[{"start":{"line":47,"column":12},"end":{"line":47,"column":40}},{"start":{"line":47,"column":44},"end":{"line":47,"column":48}}]},"9":{"loc":{"start":{"line":84,"column":28},"end":{"line":84,"column":100}},"type":"cond-expr","locations":[{"start":{"line":84,"column":57},"end":{"line":84,"column":93}},{"start":{"line":84,"column":96},"end":{"line":84,"column":100}}]},"10":{"loc":{"start":{"line":110,"column":4},"end":{"line":110,"column":26}},"type":"if","locations":[{"start":{"line":110,"column":4},"end":{"line":110,"column":26}}]},"11":{"loc":{"start":{"line":118,"column":28},"end":{"line":118,"column":100}},"type":"cond-expr","locations":[{"start":{"line":118,"column":57},"end":{"line":118,"column":93}},{"start":{"line":118,"column":96},"end":{"line":118,"column":100}}]}},"s":{"0":1,"1":1,"2":0,"3":0,"4":0,"5":0,"6":0,"7":2,"8":2,"9":1,"10":2,"11":2,"12":1,"13":1,"14":1,"15":0,"16":1,"17":1},"f":{"0":1,"1":0,"2":0,"3":2,"4":1,"5":2,"6":1,"7":0},"b":{"0":[1,1],"1":[1,0],"2":[1,0],"3":[1,1],"4":[0],"5":[0,0],"6":[0,0],"7":[0,0],"8":[0,0],"9":[1,0],"10":[1],"11":[1,0]}}
,"/home/aloofbuddha/src/MessageAI/mobile/src/services/sqlite/database.ts": {"path":"/home/aloofbuddha/src/MessageAI/mobile/src/services/sqlite/database.ts","statementMap":{"0":{"start":{"line":6,"column":0},"end":{"line":6,"column":7}},"1":{"start":{"line":1,"column":0},"end":{"line":1,"column":38}},"2":{"start":{"line":2,"column":0},"end":{"line":2,"column":45}},"3":{"start":{"line":4,"column":13},"end":{"line":4,"column":58}},"4":{"start":{"line":7,"column":2},"end":{"line":28,"column":3}},"5":{"start":{"line":9,"column":4},"end":{"line":9,"column":46}},"6":{"start":{"line":10,"column":4},"end":{"line":10,"column":48}},"7":{"start":{"line":13,"column":19},"end":{"line":13,"column":72}},"8":{"start":{"line":15,"column":4},"end":{"line":19,"column":5}},"9":{"start":{"line":16,"column":6},"end":{"line":16,"column":62}},"10":{"start":{"line":18,"column":6},"end":{"line":18,"column":52}},"11":{"start":{"line":22,"column":4},"end":{"line":22,"column":28}},"12":{"start":{"line":24,"column":4},"end":{"line":24,"column":62}},"13":{"start":{"line":26,"column":4},"end":{"line":26,"column":59}},"14":{"start":{"line":27,"column":4},"end":{"line":27,"column":16}}},"fnMap":{"0":{"name":"initializeDatabase","decl":{"start":{"line":6,"column":22},"end":{"line":6,"column":40}},"loc":{"start":{"line":6,"column":40},"end":{"line":29,"column":1}}}},"branchMap":{"0":{"loc":{"start":{"line":15,"column":4},"end":{"line":19,"column":5}},"type":"if","locations":[{"start":{"line":15,"column":4},"end":{"line":19,"column":5}},{"start":{"line":17,"column":11},"end":{"line":19,"column":5}}]}},"s":{"0":3,"1":3,"2":3,"3":3,"4":0,"5":0,"6":0,"7":0,"8":0,"9":0,"10":0,"11":0,"12":0,"13":0,"14":0},"f":{"0":0},"b":{"0":[0,0]}}
,"/home/aloofbuddha/src/MessageAI/mobile/src/services/sqlite/messageRepository.ts": {"path":"/home/aloofbuddha/src/MessageAI/mobile/src/services/sqlite/messageRepository.ts","statementMap":{"0":{"start":{"line":2,"column":0},"end":{"line":2,"column":32}},"1":{"start":{"line":9,"column":4},"end":{"line":27,"column":6}},"2":{"start":{"line":34,"column":4},"end":{"line":34,"column":38}},"3":{"start":{"line":34,"column":31},"end":{"line":34,"column":38}},"4":{"start":{"line":36,"column":4},"end":{"line":58,"column":7}},"5":{"start":{"line":37,"column":6},"end":{"line":57,"column":7}},"6":{"start":{"line":38,"column":8},"end":{"line":56,"column":10}},"7":{"start":{"line":66,"column":4},"end":{"line":92,"column":7}},"8":{"start":{"line":68,"column":6},"end":{"line":68,"column":85}},"9":{"start":{"line":71,"column":6},"end":{"line":91,"column":7}},"10":{"start":{"line":72,"column":8},"end":{"line":90,"column":10}},"11":{"start":{"line":99,"column":17},"end":{"line":113,"column":null}},"12":{"start":{"line":116,"column":4},"end":{"line":128,"column":8}},"13":{"start":{"line":116,"column":30},"end":{"line":128,"column":6}},"14":{"start":{"line":135,"column":4},"end":{"line":138,"column":6}},"15":{"start":{"line":145,"column":4},"end":{"line":145,"column":83}},"16":{"start":{"line":152,"column":4},"end":{"line":152,"column":39}},"17":{"start":{"line":4,"column":0},"end":{"line":4,"column":13}},"18":{"start":{"line":156,"column":13},"end":{"line":156,"column":57}}},"fnMap":{"0":{"name":"(anonymous_0)","decl":{"start":{"line":8,"column":2},"end":{"line":8,"column":7}},"loc":{"start":{"line":8,"column":31},"end":{"line":28,"column":3}}},"1":{"name":"(anonymous_1)","decl":{"start":{"line":33,"column":2},"end":{"line":33,"column":7}},"loc":{"start":{"line":33,"column":38},"end":{"line":59,"column":3}}},"2":{"name":"(anonymous_2)","decl":{"start":{"line":36,"column":27},"end":{"line":36,"column":30}},"loc":{"start":{"line":36,"column":32},"end":{"line":58,"column":5}}},"3":{"name":"(anonymous_3)","decl":{"start":{"line":65,"column":2},"end":{"line":65,"column":7}},"loc":{"start":{"line":65,"column":74},"end":{"line":93,"column":3}}},"4":{"name":"(anonymous_4)","decl":{"start":{"line":66,"column":27},"end":{"line":66,"column":30}},"loc":{"start":{"line":66,"column":32},"end":{"line":92,"column":5}}},"5":{"name":"(anonymous_5)","decl":{"start":{"line":98,"column":2},"end":{"line":98,"column":7}},"loc":{"start":{"line":98,"column":48},"end":{"line":129,"column":3}}},"6":{"name":"(anonymous_6)","decl":{"start":{"line":116,"column":20},"end":{"line":116,"column":21}},"loc":{"start":{"line":116,"column":30},"end":{"line":128,"column":6}}},"7":{"name":"(anonymous_7)","decl":{"start":{"line":134,"column":2},"end":{"line":134,"column":7}},"loc":{"start":{"line":134,"column":88},"end":{"line":139,"column":3}}},"8":{"name":"(anonymous_8)","decl":{"start":{"line":144,"column":2},"end":{"line":144,"column":7}},"loc":{"start":{"line":144,"column":51},"end":{"line":146,"column":3}}},"9":{"name":"(anonymous_9)","decl":{"start":{"line":151,"column":2},"end":{"line":151,"column":7}},"loc":{"start":{"line":151,"column":17},"end":{"line":153,"column":3}}}},"branchMap":{"0":{"loc":{"start":{"line":19,"column":8},"end":{"line":19,"column":32}},"type":"binary-expr","locations":[{"start":{"line":19,"column":8},"end":{"line":19,"column":24}},{"start":{"line":19,"column":28},"end":{"line":19,"column":32}}]},"1":{"loc":{"start":{"line":24,"column":8},"end":{"line":24,"column":31}},"type":"binary-expr","locations":[{"start":{"line":24,"column":8},"end":{"line":24,"column":23}},{"start":{"line":24,"column":27},"end":{"line":24,"column":31}}]},"2":{"loc":{"start":{"line":34,"column":4},"end":{"line":34,"column":38}},"type":"if","locations":[{"start":{"line":34,"column":4},"end":{"line":34,"column":38}}]},"3":{"loc":{"start":{"line":48,"column":12},"end":{"line":48,"column":36}},"type":"binary-expr","locations":[{"start":{"line":48,"column":12},"end":{"line":48,"column":28}},{"start":{"line":48,"column":32},"end":{"line":48,"column":36}}]},"4":{"loc":{"start":{"line":53,"column":12},"end":{"line":53,"column":35}},"type":"binary-expr","locations":[{"start":{"line":53,"column":12},"end":{"line":53,"column":27}},{"start":{"line":53,"column":31},"end":{"line":53,"column":35}}]},"5":{"loc":{"start":{"line":82,"column":12},"end":{"line":82,"column":36}},"type":"binary-expr","locations":[{"start":{"line":82,"column":12},"end":{"line":82,"column":28}},{"start":{"line":82,"column":32},"end":{"line":82,"column":36}}]},"6":{"loc":{"start":{"line":87,"column":12},"end":{"line":87,"column":35}},"type":"binary-expr","locations":[{"start":{"line":87,"column":12},"end":{"line":87,"column":27}},{"start":{"line":87,"column":31},"end":{"line":87,"column":35}}]}},"s":{"0":2,"1":1,"2":0,"3":0,"4":0,"5":0,"6":0,"7":1,"8":1,"9":1,"10":1,"11":2,"12":2,"13":1,"14":1,"15":1,"16":0,"17":2,"18":2},"f":{"0":1,"1":0,"2":0,"3":1,"4":1,"5":2,"6":1,"7":1,"8":1,"9":0},"b":{"0":[1,1],"1":[1,0],"2":[0],"3":[0,0],"4":[0,0],"5":[1,1],"6":[1,1]}}
,"/home/aloofbuddha/src/MessageAI/mobile/src/services/sqlite/migrations.ts": {"path":"/home/aloofbuddha/src/MessageAI/mobile/src/services/sqlite/migrations.ts","statementMap":{"0":{"start":{"line":83,"column":0},"end":{"line":83,"column":7}},"1":{"start":{"line":3,"column":24},"end":{"line":3,"column":25}},"2":{"start":{"line":5,"column":24},"end":{"line":17,"column":2}},"3":{"start":{"line":19,"column":32},"end":{"line":32,"column":2}},"4":{"start":{"line":34,"column":32},"end":{"line":37,"column":2}},"5":{"start":{"line":39,"column":27},"end":{"line":55,"column":2}},"6":{"start":{"line":57,"column":29},"end":{"line":62,"column":2}},"7":{"start":{"line":64,"column":35},"end":{"line":76,"column":2}},"8":{"start":{"line":78,"column":35},"end":{"line":81,"column":2}},"9":{"start":{"line":84,"column":2},"end":{"line":120,"column":3}},"10":{"start":{"line":86,"column":19},"end":{"line":86,"column":83}},"11":{"start":{"line":87,"column":27},"end":{"line":87,"column":52}},"12":{"start":{"line":89,"column":4},"end":{"line":89,"column":89}},"13":{"start":{"line":91,"column":4},"end":{"line":114,"column":5}},"14":{"start":{"line":93,"column":6},"end":{"line":109,"column":9}},"15":{"start":{"line":94,"column":8},"end":{"line":105,"column":9}},"16":{"start":{"line":95,"column":10},"end":{"line":95,"column":61}},"17":{"start":{"line":98,"column":10},"end":{"line":98,"column":39}},"18":{"start":{"line":99,"column":10},"end":{"line":99,"column":47}},"19":{"start":{"line":100,"column":10},"end":{"line":100,"column":47}},"20":{"start":{"line":101,"column":10},"end":{"line":101,"column":42}},"21":{"start":{"line":102,"column":10},"end":{"line":102,"column":64}},"22":{"start":{"line":102,"column":46},"end":{"line":102,"column":62}},"23":{"start":{"line":103,"column":10},"end":{"line":103,"column":50}},"24":{"start":{"line":104,"column":10},"end":{"line":104,"column":50}},"25":{"start":{"line":108,"column":8},"end":{"line":108,"column":64}},"26":{"start":{"line":111,"column":6},"end":{"line":111,"column":67}},"27":{"start":{"line":113,"column":6},"end":{"line":113,"column":46}},"28":{"start":{"line":116,"column":4},"end":{"line":116,"column":62}},"29":{"start":{"line":118,"column":4},"end":{"line":118,"column":48}},"30":{"start":{"line":119,"column":4},"end":{"line":119,"column":16}}},"fnMap":{"0":{"name":"runMigrations","decl":{"start":{"line":83,"column":22},"end":{"line":83,"column":35}},"loc":{"start":{"line":83,"column":61},"end":{"line":121,"column":1}}},"1":{"name":"(anonymous_1)","decl":{"start":{"line":93,"column":29},"end":{"line":93,"column":32}},"loc":{"start":{"line":93,"column":34},"end":{"line":109,"column":7}}},"2":{"name":"(anonymous_2)","decl":{"start":{"line":102,"column":39},"end":{"line":102,"column":42}},"loc":{"start":{"line":102,"column":46},"end":{"line":102,"column":62}}}},"branchMap":{"0":{"loc":{"start":{"line":87,"column":27},"end":{"line":87,"column":52}},"type":"binary-expr","locations":[{"start":{"line":87,"column":27},"end":{"line":87,"column":47}},{"start":{"line":87,"column":51},"end":{"line":87,"column":52}}]},"1":{"loc":{"start":{"line":91,"column":4},"end":{"line":114,"column":5}},"type":"if","locations":[{"start":{"line":91,"column":4},"end":{"line":114,"column":5}},{"start":{"line":112,"column":11},"end":{"line":114,"column":5}}]},"2":{"loc":{"start":{"line":94,"column":8},"end":{"line":105,"column":9}},"type":"if","locations":[{"start":{"line":94,"column":8},"end":{"line":105,"column":9}}]}},"s":{"0":3,"1":3,"2":3,"3":3,"4":3,"5":3,"6":3,"7":3,"8":3,"9":0,"10":0,"11":0,"12":0,"13":0,"14":0,"15":0,"16":0,"17":0,"18":0,"19":0,"20":0,"21":0,"22":0,"23":0,"24":0,"25":0,"26":0,"27":0,"28":0,"29":0,"30":0},"f":{"0":0,"1":0,"2":0},"b":{"0":[0,0],"1":[0,0],"2":[0]}}
,"/home/aloofbuddha/src/MessageAI/mobile/src/services/sqlite/pendingMessageRepository.ts": {"path":"/home/aloofbuddha/src/MessageAI/mobile/src/services/sqlite/pendingMessageRepository.ts","statementMap":{"0":{"start":{"line":1,"column":0},"end":{"line":1,"column":32}},"1":{"start":{"line":19,"column":4},"end":{"line":31,"column":6}},"2":{"start":{"line":38,"column":17},"end":{"line":48,"column":null}},"3":{"start":{"line":51,"column":4},"end":{"line":60,"column":8}},"4":{"start":{"line":51,"column":30},"end":{"line":60,"column":6}},"5":{"start":{"line":67,"column":17},"end":{"line":78,"column":null}},"6":{"start":{"line":81,"column":4},"end":{"line":90,"column":8}},"7":{"start":{"line":81,"column":30},"end":{"line":90,"column":6}},"8":{"start":{"line":97,"column":4},"end":{"line":100,"column":6}},"9":{"start":{"line":107,"column":4},"end":{"line":107,"column":77}},"10":{"start":{"line":114,"column":4},"end":{"line":114,"column":47}},"11":{"start":{"line":121,"column":19},"end":{"line":122,"column":null}},"12":{"start":{"line":124,"column":4},"end":{"line":124,"column":30}},"13":{"start":{"line":14,"column":0},"end":{"line":14,"column":13}},"14":{"start":{"line":128,"column":13},"end":{"line":128,"column":71}}},"fnMap":{"0":{"name":"(anonymous_0)","decl":{"start":{"line":18,"column":2},"end":{"line":18,"column":7}},"loc":{"start":{"line":18,"column":80},"end":{"line":32,"column":3}}},"1":{"name":"(anonymous_1)","decl":{"start":{"line":37,"column":2},"end":{"line":37,"column":7}},"loc":{"start":{"line":37,"column":14},"end":{"line":61,"column":3}}},"2":{"name":"(anonymous_2)","decl":{"start":{"line":51,"column":20},"end":{"line":51,"column":21}},"loc":{"start":{"line":51,"column":30},"end":{"line":60,"column":6}}},"3":{"name":"(anonymous_3)","decl":{"start":{"line":66,"column":2},"end":{"line":66,"column":7}},"loc":{"start":{"line":66,"column":48},"end":{"line":91,"column":3}}},"4":{"name":"(anonymous_4)","decl":{"start":{"line":81,"column":20},"end":{"line":81,"column":21}},"loc":{"start":{"line":81,"column":30},"end":{"line":90,"column":6}}},"5":{"name":"(anonymous_5)","decl":{"start":{"line":96,"column":2},"end":{"line":96,"column":7}},"loc":{"start":{"line":96,"column":38},"end":{"line":101,"column":3}}},"6":{"name":"(anonymous_6)","decl":{"start":{"line":106,"column":2},"end":{"line":106,"column":7}},"loc":{"start":{"line":106,"column":30},"end":{"line":108,"column":3}}},"7":{"name":"(anonymous_7)","decl":{"start":{"line":113,"column":2},"end":{"line":113,"column":7}},"loc":{"start":{"line":113,"column":17},"end":{"line":115,"column":3}}},"8":{"name":"(anonymous_8)","decl":{"start":{"line":120,"column":2},"end":{"line":120,"column":7}},"loc":{"start":{"line":120,"column":13},"end":{"line":125,"column":3}}}},"branchMap":{"0":{"loc":{"start":{"line":28,"column":8},"end":{"line":28,"column":44}},"type":"binary-expr","locations":[{"start":{"line":28,"column":8},"end":{"line":28,"column":36}},{"start":{"line":28,"column":40},"end":{"line":28,"column":44}}]},"1":{"loc":{"start":{"line":124,"column":11},"end":{"line":124,"column":29}},"type":"binary-expr","locations":[{"start":{"line":124,"column":11},"end":{"line":124,"column":24}},{"start":{"line":124,"column":28},"end":{"line":124,"column":29}}]}},"s":{"0":3,"1":1,"2":1,"3":1,"4":1,"5":1,"6":1,"7":1,"8":0,"9":1,"10":0,"11":2,"12":2,"13":3,"14":3},"f":{"0":1,"1":1,"2":1,"3":1,"4":1,"5":0,"6":1,"7":0,"8":2},"b":{"0":[1,1],"1":[2,1]}}
,"/home/aloofbuddha/src/MessageAI/mobile/src/services/sync/syncManager.ts": {"path":"/home/aloofbuddha/src/MessageAI/mobile/src/services/sync/syncManager.ts","statementMap":{"0":{"start":{"line":1,"column":0},"end":{"line":1,"column":59}},"1":{"start":{"line":2,"column":0},"end":{"line":2,"column":78}},"2":{"start":{"line":3,"column":0},"end":{"line":3,"column":87}},"3":{"start":{"line":4,"column":0},"end":{"line":4,"column":54}},"4":{"start":{"line":7,"column":25},"end":{"line":7,"column":30}},"5":{"start":{"line":15,"column":4},"end":{"line":15,"column":48}},"6":{"start":{"line":18,"column":4},"end":{"line":18,"column":37}},"7":{"start":{"line":21,"column":4},"end":{"line":32,"column":7}},"8":{"start":{"line":22,"column":6},"end":{"line":22,"column":71}},"9":{"start":{"line":26,"column":23},"end":{"line":26,"column":81}},"10":{"start":{"line":28,"column":6},"end":{"line":31,"column":7}},"11":{"start":{"line":29,"column":8},"end":{"line":29,"column":67}},"12":{"start":{"line":30,"column":8},"end":{"line":30,"column":35}},"13":{"start":{"line":34,"column":4},"end":{"line":34,"column":46}},"14":{"start":{"line":42,"column":4},"end":{"line":45,"column":5}},"15":{"start":{"line":43,"column":6},"end":{"line":43,"column":67}},"16":{"start":{"line":44,"column":6},"end":{"line":44,"column":13}},"17":{"start":{"line":47,"column":26},"end":{"line":47,"column":44}},"18":{"start":{"line":48,"column":22},"end":{"line":48,"column":95}},"19":{"start":{"line":50,"column":4},"end":{"line":53,"column":5}},"20":{"start":{"line":51,"column":6},"end":{"line":51,"column":68}},"21":{"start":{"line":52,"column":6},"end":{"line":52,"column":13}},"22":{"start":{"line":55,"column":4},"end":{"line":55,"column":29}},"23":{"start":{"line":57,"column":4},"end":{"line":110,"column":5}},"24":{"start":{"line":58,"column":30},"end":{"line":58,"column":69}},"25":{"start":{"line":60,"column":6},"end":{"line":63,"column":7}},"26":{"start":{"line":61,"column":8},"end":{"line":61,"column":56}},"27":{"start":{"line":62,"column":8},"end":{"line":62,"column":15}},"28":{"start":{"line":65,"column":6},"end":{"line":65,"column":78}},"29":{"start":{"line":67,"column":6},"end":{"line":102,"column":7}},"30":{"start":{"line":68,"column":8},"end":{"line":101,"column":9}},"31":{"start":{"line":69,"column":23},"end":{"line":69,"column":51}},"32":{"start":{"line":70,"column":10},"end":{"line":73,"column":11}},"33":{"start":{"line":71,"column":12},"end":{"line":71,"column":82}},"34":{"start":{"line":72,"column":12},"end":{"line":72,"column":21}},"35":{"start":{"line":76,"column":10},"end":{"line":83,"column":12}},"36":{"start":{"line":86,"column":10},"end":{"line":86,"column":68}},"37":{"start":{"line":91,"column":10},"end":{"line":91,"column":71}},"38":{"start":{"line":94,"column":10},"end":{"line":94,"column":90}},"39":{"start":{"line":97,"column":10},"end":{"line":97,"column":76}},"40":{"start":{"line":104,"column":6},"end":{"line":104,"column":57}},"41":{"start":{"line":107,"column":6},"end":{"line":107,"column":64}},"42":{"start":{"line":109,"column":6},"end":{"line":109,"column":32}},"43":{"start":{"line":123,"column":4},"end":{"line":130,"column":7}},"44":{"start":{"line":132,"column":4},"end":{"line":132,"column":65}},"45":{"start":{"line":139,"column":4},"end":{"line":141,"column":5}},"46":{"start":{"line":140,"column":6},"end":{"line":140,"column":32}},"47":{"start":{"line":145,"column":13},"end":{"line":145,"column":45}}},"fnMap":{"0":{"name":"(anonymous_0)","decl":{"start":{"line":14,"column":2},"end":{"line":14,"column":7}},"loc":{"start":{"line":14,"column":18},"end":{"line":35,"column":3}}},"1":{"name":"(anonymous_1)","decl":{"start":{"line":21,"column":55},"end":{"line":21,"column":56}},"loc":{"start":{"line":21,"column":66},"end":{"line":32,"column":5}}},"2":{"name":"(anonymous_2)","decl":{"start":{"line":40,"column":2},"end":{"line":40,"column":7}},"loc":{"start":{"line":40,"column":27},"end":{"line":111,"column":3}}},"3":{"name":"(anonymous_3)","decl":{"start":{"line":116,"column":2},"end":{"line":116,"column":7}},"loc":{"start":{"line":121,"column":26},"end":{"line":133,"column":3}}},"4":{"name":"(anonymous_4)","decl":{"start":{"line":138,"column":2},"end":{"line":138,"column":9}},"loc":{"start":{"line":138,"column":9},"end":{"line":142,"column":3}}}},"branchMap":{"0":{"loc":{"start":{"line":26,"column":23},"end":{"line":26,"column":81}},"type":"binary-expr","locations":[{"start":{"line":26,"column":23},"end":{"line":26,"column":41}},{"start":{"line":26,"column":45},"end":{"line":26,"column":81}}]},"1":{"loc":{"start":{"line":28,"column":6},"end":{"line":31,"column":7}},"type":"if","locations":[{"start":{"line":28,"column":6},"end":{"line":31,"column":7}}]},"2":{"loc":{"start":{"line":42,"column":4},"end":{"line":45,"column":5}},"type":"if","locations":[{"start":{"line":42,"column":4},"end":{"line":45,"column":5}}]},"3":{"loc":{"start":{"line":48,"column":22},"end":{"line":48,"column":95}},"type":"binary-expr","locations":[{"start":{"line":48,"column":22},"end":{"line":48,"column":48}},{"start":{"line":48,"column":52},"end":{"line":48,"column":95}}]},"4":{"loc":{"start":{"line":50,"column":4},"end":{"line":53,"column":5}},"type":"if","locations":[{"start":{"line":50,"column":4},"end":{"line":53,"column":5}}]},"5":{"loc":{"start":{"line":60,"column":6},"end":{"line":63,"column":7}},"type":"if","locations":[{"start":{"line":60,"column":6},"end":{"line":63,"column":7}}]},"6":{"loc":{"start":{"line":70,"column":10},"end":{"line":73,"column":11}},"type":"if","locations":[{"start":{"line":70,"column":10},"end":{"line":73,"column":11}}]},"7":{"loc":{"start":{"line":128,"column":21},"end":{"line":128,"column":42}},"type":"binary-expr","locations":[{"start":{"line":128,"column":21},"end":{"line":128,"column":34}},{"start":{"line":128,"column":38},"end":{"line":128,"column":42}}]},"8":{"loc":{"start":{"line":139,"column":4},"end":{"line":141,"column":5}},"type":"if","locations":[{"start":{"line":139,"column":4},"end":{"line":141,"column":5}}]}},"s":{"0":2,"1":2,"2":2,"3":2,"4":2,"5":0,"6":0,"7":0,"8":0,"9":0,"10":0,"11":0,"12":0,"13":0,"14":6,"15":1,"16":1,"17":5,"18":5,"19":5,"20":1,"21":1,"22":4,"23":4,"24":4,"25":4,"26":2,"27":2,"28":2,"29":2,"30":2,"31":2,"32":2,"33":0,"34":0,"35":2,"36":1,"37":1,"38":1,"39":1,"40":2,"41":0,"42":4,"43":2,"44":2,"45":0,"46":0,"47":2},"f":{"0":0,"1":0,"2":6,"3":2,"4":0},"b":{"0":[0,0],"1":[0],"2":[1],"3":[5,4],"4":[1],"5":[2],"6":[0],"7":[2,1],"8":[0]}}
,"/home/aloofbuddha/src/MessageAI/mobile/src/stores/authStore.ts": {"path":"/home/aloofbuddha/src/MessageAI/mobile/src/stores/authStore.ts","statementMap":{"0":{"start":{"line":1,"column":0},"end":{"line":1,"column":33}},"1":{"start":{"line":2,"column":0},"end":{"line":2,"column":64}},"2":{"start":{"line":3,"column":0},"end":{"line":3,"column":49}},"3":{"start":{"line":4,"column":0},"end":{"line":4,"column":120}},"4":{"start":{"line":6,"column":0},"end":{"line":6,"column":51}},"5":{"start":{"line":7,"column":0},"end":{"line":7,"column":89}},"6":{"start":{"line":23,"column":13},"end":{"line":118,"column":2}},"7":{"start":{"line":25,"column":14},"end":{"line":101,"column":6}},"8":{"start":{"line":32,"column":8},"end":{"line":32,"column":46}},"9":{"start":{"line":33,"column":8},"end":{"line":46,"column":9}},"10":{"start":{"line":34,"column":33},"end":{"line":34,"column":88}},"11":{"start":{"line":35,"column":26},"end":{"line":35,"column":72}},"12":{"start":{"line":37,"column":10},"end":{"line":39,"column":11}},"13":{"start":{"line":38,"column":12},"end":{"line":38,"column":55}},"14":{"start":{"line":41,"column":10},"end":{"line":41,"column":74}},"15":{"start":{"line":43,"column":31},"end":{"line":43,"column":62}},"16":{"start":{"line":44,"column":10},"end":{"line":44,"column":57}},"17":{"start":{"line":45,"column":10},"end":{"line":45,"column":40}},"18":{"start":{"line":50,"column":8},"end":{"line":50,"column":46}},"19":{"start":{"line":51,"column":8},"end":{"line":70,"column":9}},"20":{"start":{"line":52,"column":33},"end":{"line":52,"column":92}},"21":{"start":{"line":53,"column":32},"end":{"line":62,"column":12}},"22":{"start":{"line":64,"column":10},"end":{"line":64,"column":44}},"23":{"start":{"line":65,"column":10},"end":{"line":65,"column":74}},"24":{"start":{"line":67,"column":31},"end":{"line":67,"column":62}},"25":{"start":{"line":68,"column":10},"end":{"line":68,"column":57}},"26":{"start":{"line":69,"column":10},"end":{"line":69,"column":40}},"27":{"start":{"line":74,"column":8},"end":{"line":80,"column":9}},"28":{"start":{"line":75,"column":10},"end":{"line":75,"column":30}},"29":{"start":{"line":76,"column":10},"end":{"line":76,"column":67}},"30":{"start":{"line":78,"column":10},"end":{"line":78,"column":48}},"31":{"start":{"line":79,"column":10},"end":{"line":79,"column":45}},"32":{"start":{"line":83,"column":38},"end":{"line":83,"column":76}},"33":{"start":{"line":85,"column":24},"end":{"line":85,"column":44}},"34":{"start":{"line":88,"column":8},"end":{"line":99,"column":11}},"35":{"start":{"line":89,"column":10},"end":{"line":98,"column":11}},"36":{"start":{"line":91,"column":28},"end":{"line":91,"column":67}},"37":{"start":{"line":92,"column":12},"end":{"line":94,"column":13}},"38":{"start":{"line":93,"column":14},"end":{"line":93,"column":78}},"39":{"start":{"line":97,"column":12},"end":{"line":97,"column":74}},"40":{"start":{"line":104,"column":40},"end":{"line":115,"column":8}},"41":{"start":{"line":106,"column":24},"end":{"line":106,"column":60}},"42":{"start":{"line":107,"column":10},"end":{"line":107,"column":23}},"43":{"start":{"line":110,"column":10},"end":{"line":110,"column":54}},"44":{"start":{"line":113,"column":10},"end":{"line":113,"column":50}},"45":{"start":{"line":122,"column":2},"end":{"line":139,"column":3}},"46":{"start":{"line":124,"column":6},"end":{"line":124,"column":71}},"47":{"start":{"line":126,"column":6},"end":{"line":126,"column":38}},"48":{"start":{"line":128,"column":6},"end":{"line":128,"column":49}},"49":{"start":{"line":130,"column":6},"end":{"line":130,"column":35}},"50":{"start":{"line":132,"column":6},"end":{"line":132,"column":55}},"51":{"start":{"line":134,"column":6},"end":{"line":134,"column":42}},"52":{"start":{"line":136,"column":6},"end":{"line":136,"column":65}},"53":{"start":{"line":138,"column":6},"end":{"line":138,"column":56}}},"fnMap":{"0":{"name":"(anonymous_9)","decl":{"start":{"line":25,"column":4},"end":{"line":25,"column":5}},"loc":{"start":{"line":25,"colu
[...]
":28,"column":34},"end":{"line":28,"column":81}},"8":{"start":{"line":30,"column":6},"end":{"line":30,"column":68}},"9":{"start":{"line":33,"column":30},"end":{"line":33,"column":47}},"10":{"start":{"line":34,"column":6},"end":{"line":36,"column":7}},"11":{"start":{"line":35,"column":8},"end":{"line":35,"column":26}},"12":{"start":{"line":39,"column":26},"end":{"line":51,"column":null}},"13":{"start":{"line":43,"column":10},"end":{"line":43,"column":74}},"14":{"start":{"line":46,"column":10},"end":{"line":46,"column":57}},"15":{"start":{"line":49,"column":10},"end":{"line":49,"column":78}},"16":{"start":{"line":50,"column":10},"end":{"line":50,"column":40}},"17":{"start":{"line":54,"column":6},"end":{"line":54,"column":27}},"18":{"start":{"line":56,"column":6},"end":{"line":56,"column":59}},"19":{"start":{"line":57,"column":6},"end":{"line":57,"column":54}},"20":{"start":{"line":62,"column":4},"end":{"line":68,"column":5}},"21":{"start":{"line":63,"column":29},"end":{"line":63,"column":90}},"22":{"start":{"line":64,"column":6},"end":{"line":64,"column":28}},"23":{"start":{"line":66,"column":6},"end":{"line":66,"column":36}},"24":{"start":{"line":67,"column":6},"end":{"line":67,"column":18}},"25":{"start":{"line":73,"column":24},"end":{"line":73,"column":41}},"26":{"start":{"line":74,"column":4},"end":{"line":76,"column":5}},"27":{"start":{"line":75,"column":6},"end":{"line":75,"column":20}},"28":{"start":{"line":78,"column":4},"end":{"line":83,"column":7}}},"fnMap":{"0":{"name":"(anonymous_0)","decl":{"start":{"line":17,"column":64},"end":{"line":17,"column":65}},"loc":{"start":{"line":17,"column":79},"end":{"line":85,"column":2}}},"1":{"name":"(anonymous_1)","decl":{"start":{"line":23,"column":21},"end":{"line":23,"column":26}},"loc":{"start":{"line":23,"column":46},"end":{"line":59,"column":3}}},"2":{"name":"(anonymous_2)","decl":{"start":{"line":41,"column":8},"end":{"line":41,"column":13}},"loc":{"start":{"line":41,"column":41},"end":{"line":47,"column":9}}},"3":{"name":"(anonymous_3)","decl":{"start":{"line":48,"column":8},"end":{"line":48,"column":9}},"loc":{"start":{"line":48,"column":18},"end":{"line":51,"column":9}}},"4":{"name":"(anonymous_4)","decl":{"start":{"line":61,"column":25},"end":{"line":61,"column":30}},"loc":{"start":{"line":61,"column":71},"end":{"line":69,"column":3}}},"5":{"name":"(anonymous_5)","decl":{"start":{"line":71,"column":22},"end":{"line":71,"column":25}},"loc":{"start":{"line":71,"column":27},"end":{"line":84,"column":3}}}},"branchMap":{"0":{"loc":{"start":{"line":34,"column":6},"end":{"line":36,"column":7}},"type":"if","locations":[{"start":{"line":34,"column":6},"end":{"line":36,"column":7}}]},"1":{"loc":{"start":{"line":74,"column":4},"end":{"line":76,"column":5}},"type":"if","locations":[{"start":{"line":74,"column":4},"end":{"line":76,"column":5}}]}},"s":{"0":0,"1":0,"2":0,"3":0,"4":0,"5":0,"6":0,"7":0,"8":0,"9":0,"10":0,"11":0,"12":0,"13":0,"14":0,"15":0,"16":0,"17":0,"18":0,"19":0,"20":0,"21":0,"22":0,"23":0,"24":0,"25":0,"26":0,"27":0,"28":0},"f":{"0":0,"1":0,"2":0,"3":0,"4":0,"5":0},"b":{"0":[0],"1":[0]}}
,"/home/aloofbuddha/src/MessageAI/mobile/src/stores/messagesStore.ts": {"path":"/home/aloofbuddha/src/MessageAI/mobile/src/stores/messagesStore.ts","statementMap":{"0":{"start":{"line":1,"column":0},"end":{"line":1,"column":33}},"1":{"start":{"line":3,"column":0},"end":{"line":3,"column":112}},"2":{"start":{"line":4,"column":0},"end":{"line":4,"column":73}},"3":{"start":{"line":5,"column":0},"end":{"line":5,"column":70}},"4":{"start":{"line":6,"column":0},"end":{"line":6,"column":59}},"5":{"start":{"line":23,"column":2},"end":{"line":27,"column":5}},"6":{"start":{"line":24,"column":14},"end":{"line":24,"column":36}},"7":{"start":{"line":25,"column":14},"end":{"line":25,"column":45}},"8":{"start":{"line":26,"column":4},"end":{"line":26,"column":26}},"9":{"start":{"line":30,"column":13},"end":{"line":235,"column":4}},"10":{"start":{"line":30,"column":69},"end":{"line":235,"column":2}},"11":{"start":{"line":37,"column":4},"end":{"line":40,"column":8}},"12":{"start":{"line":37,"column":20},"end":{"line":40,"column":6}},"13":{"start":{"line":42,"column":4},"end":{"line":95,"column":5}},"14":{"start":{"line":44,"column":29},"end":{"line":44,"column":86}},"15":{"start":{"line":46,"column":6},"end":{"line":52,"column":10}},"16":{"start":{"line":46,"column":22},"end":{"line":52,"column":8}},"17":{"start":{"line":55,"column":30},"end":{"line":55,"column":65}},"18":{"start":{"line":56,"column":6},"end":{"line":58,"column":7}},"19":{"start":{"line":57,"column":8},"end":{"line":57,"column":26}},"20":{"start":{"line":61,"column":26},"end":{"line":80,"column":null}},"21":{"start":{"line":65,"column":10},"end":{"line":65,"column":92}},"22":{"start":{"line":68,"column":10},"end":{"line":73,"column":14}},"23":{"start":{"line":68,"column":26},"end":{"line":73,"column":12}},"24":{"start":{"line":76,"column":10},"end":{"line":76,"column":73}},"25":{"start":{"line":77,"column":10},"end":{"line":79,"column":14}},"26":{"start":{"line":77,"column":26},"end":{"line":79,"column":12}},"27":{"start":{"line":83,"column":6},"end":{"line":88,"column":10}},"28":{"start":{"line":83,"column":22},"end":{"line":88,"column":8}},"29":{"start":{"line":90,"column":6},"end":{"line":90,"column":54}},"30":{"start":{"line":91,"column":6},"end":{"line":94,"column":10}},"31":{"start":{"line":91,"column":22},"end":{"line":94,"column":8}},"32":{"start":{"line":99,"column":20},"end":{"line":99,"column":34}},"33":{"start":{"line":100,"column":26},"end":{"line":100,"column":44}},"34":{"start":{"line":103,"column":39},"end":{"line":115,"column":6}},"35":{"start":{"line":118,"column":4},"end":{"line":126,"column":7}},"36":{"start":{"line":119,"column":31},"end":{"line":119,"column":81}},"37":{"start":{"line":120,"column":6},"end":{"line":125,"column":8}},"38":{"start":{"line":129,"column":4},"end":{"line":129,"column":54}},"39":{"start":{"line":132,"column":22},"end":{"line":132,"column":95}},"40":{"start":{"line":134,"column":4},"end":{"line":142,"column":5}},"41":{"start":{"line":135,"column":6},"end":{"line":135,"column":66}},"42":{"start":{"line":138,"column":6},"end":{"line":138,"column":84}},"43":{"start":{"line":141,"column":6},"end":{"line":141,"column":13}},"44":{"start":{"line":145,"column":4},"end":{"line":169,"column":5}},"45":{"start":{"line":146,"column":6},"end":{"line":146,"column":93}},"46":{"start":{"line":149,"column":6},"end":{"line":149,"column":54}},"47":{"start":{"line":152,"column":6},"end":{"line":163,"column":9}},"48":{"start":{"line":153,"column":25},"end":{"line":153,"column":75}},"49":{"start":{"line":154,"column":32},"end":{"line":155,"column":null}},"50":{"start":{"line":155,"column":10},"end":{"line":155,"column":79}},"51":{"start":{"line":157,"column":8},"end":{"line":162,"column":10}},"52":{"start":{"line":166,"column":6},"end":{"line":166,"column":62}},"53":{"start":{"line":168,"column":6},"end":{"line":168,"column":18}},"54":{"start":{"line":173,"column":4},"end":{"line":188,"column":7}},"55":{"start":{"line":174,"column":44},"end":{"line":174,"column":79}},"56":{"start":{"line":177,"column":6},"end":{"line":183,"column":9}},"57":{"start":{"line":178,"column":25},"end":{"line":178,"column":70}},"58":{"start":{"line":179,"column":32},"end":{"line":180,"column":null}},"59":{"start":{"line":180,"column":10},"end":{"line":180,"column":60}},"60":{"start":{"line":182,"column":8},"end":{"line":182,"column":72}},"61":{"start":{"line":185,"column":6},"end":{"line":187,"column":8}},"62":{"start":{"line":191,"column":4},"end":{"line":191,"column":52}},"63":{"start":{"line":196,"column":24},"end":{"line":196,"column":59}},"64":{"start":{"line":197,"column":4},"end":{"line":199,"column":5}},"65":{"start":{"line":198,"column":6},"end":{"line":198,"column":20}},"66":{"start":{"line":201,"column":4},"end":{"line":220,"column":7}},"67":{"start":{"line":202,"column":40},"end":{"line":202,"column":75}},"68":{"start":{"line":203,"column":6},"end":{"line":203,"column":55}},"69":{"start":{"line":205,"column":31},"end":{"line":205,"column":57}},"70":{"start":{"line":206,"column":6},"end":{"line":206,"column":46}},"71":{"start":{"line":208,"column":27},"end":{"line":208,"column":49}},"72":{"start":{"line":209,"column":6},"end":{"line":209,"column":42}},"73":{"start":{"line":211,"column":23},"end":{"line":211,"column":41}},"74":{"start":{"line":212,"column":6},"end":{"line":212,"column":38}},"75":{"start":{"line":214,"column":6},"end":{"line":219,"column":8}},"76":{"start":{"line":225,"column":26},"end":{"line":225,"column":45}},"77":{"start":{"line":226,"column":4},"end":{"line":226,"column":73}},"78":{"start":{"line":226,"column":58},"end":{"line":226,"column":71}},"79":{"start":{"line":228,"column":4},"end":{"line":233,"column":7}}},"fnMap":{"0":{"name":"generateUUID","decl":{"start":{"line":22,"column":9},"end":{"line":22,"column":21}},"loc":{"start":{"line":22,"column":21},"end":{"line":28,"column":1}}},"1":{"name":"(anonymous_1)","decl":{"start":{"line":23,"column":65},"end":{"line":23,"column":66}},"loc":{"start":{"line":23,"column":71},"end":{"line":27,"column":3}}},"2":{"name":"(anonymous_2)","decl":{"start":{"line":30,"column":54},"end":{"line":30,"column":55}},"loc":{"start":{"line":30,"column":69},"end":{"line":235,"column":2}}},"3":{"name":"(anonymous_3)","decl":{"start":{"line":36,"column":16},"end":{"line":36,"column":21}},"loc":{"start":{"line":36,"column":49},"end":{"line":96,"column":3}}},"4":{"name":"(anonymous_4)","decl":{"start":{"line":37,"column":8},"end":{"line":37,"column":9}},"loc":{"start":{"line":37,"column":20},"end":{"line":40,"column":6}}},"5":{"name":"(anonymous_5)","decl":{"start":{"line":46,"column":10},"end":{"line":46,"column":11}},"loc":{"start":{"line":46,"column":22},"end":{"line":52,"column":8}}},"6":{"name":"(anonymous_6)","decl":{"start":{"line":63,"column":8},"end":{"line":63,"column":13}},"loc":{"start":{"line":63,"column":36},"end":{"line":74,"column":9}}},"7":{"name":"(anonymous_7)","decl":{"start":{"line":68,"column":14},"end":{"line":68,"column":15}},"loc":{"start":{"line":68,"column":26},"end":{"line":73,"column":12}}},"8":{"name":"(anonymous_8)","decl":{"start":{"line":75,"column":8},"end":{"line":75,"column":9}},"loc":{"start":{"line":75,"column":18},"end":{"line":80,"column":9}}},"9":{"name":"(anonymous_9)","decl":{"start":{"line":77,"column":14},"end":{"line":77,"column":15}},"loc":{"start":{"line":77,"column":26},"end":{"line":79,"column":12}}},"10":{"name":"(anonymous_10)","decl":{"start":{"line":83,"column":10},"end":{"line":83,"column":11}},"loc":{"start":{"line":83,"column":22},"end":{"line":88,"column":8}}},"11":{"name":"(anonymous_11)","decl":{"start":{"line":91,"column":10},"end":{"line":91,"column":11}},"loc":{"start":{"line":91,"column":22},"end":{"line":94,"column":8}}},"12":{"name":"(anonymous_12)","decl":{"start":{"line":98,"column":15},"end":{"line":98,"column":20}},"loc":{"start":{"line":98,"column":83},"end":{"line":170,"column":3}}},"13":{"name":"(anonymous_13)","decl":{"start":{"line":118,"column":8},"end":{"line":118,"column":9}},"loc":{"start":{"line":118,"column":18},"end":{"line":126,"column":5}}},"14":{"name":"(anonymous_14)","decl":{"start":{"line":152,"column":10},"end":{"line":152,"column":11}},"loc":{"start":{"line":152,"column":20},"end":{"line":163,"column":7}}},"15":{"name":"(anonymous_15)","decl":{"start":{"line":154,"column":45},"end":{"line":154,"column":46}},"loc":{"start":{"line":155,"column":10},"end":{"line":155,"column":79}}},"16":{"name":"(anonymous_16)","decl":{"start":{"line":172,"column":23},"end":{"line":172,"column":24}},"loc":{"start":{"line":172,"column":93},"end":{"line":192,"column":3}}},"17":{"name":"(anonymous_17)","decl":{"start":{"line":173,"column":8},"end":{"line":173,"column":9}},"loc":{"start":{"line":173,"column":18},"end":{"line":188,"column":5}}},"18":{"name":"(anonymous_18)","decl":{"start":{"line":177,"column":57},"end":{"line":177,"column":58}},"loc":{"start":{"line":177,"column":76},"end":{"line":183,"column":7}}},"19":{"name":"(anonymous_19)","decl":{"start":{"line":179,"column":45},"end":{"line":179,"column":46}},"loc":{"start":{"line":180,"column":10},"end":{"line":180,"column":60}}},"20":{"name":"(anonymous_20)","decl":{"start":{"line":194,"column":17},"end":{"line":194,"column":18}},"loc":{"start":{"line":194,"column":44},"end":{"line":221,"column":3}}},"21":{"name":"(anonymous_21)","decl":{"start":{"line":201,"column":8},"end":{"line":201,"column":9}},"loc":{"start":{"line":201,"column":18},"end":{"line":220,"column":5}}},"22":{"name":"(anonymous_22)","decl":{"start":{"line":223,"column":20},"end":{"line":223,"column":23}},"loc":{"start":{"line":223,"column":25},"end":{"line":234,"column":3}}},"23":{"name":"(anonymous_23)","decl":{"start":{"line":226,"column":41},"end":{"line":226,"column":42}},"loc":{"start":{"line":226,"column":58},"end":{"line":226,"column":71}}}},"branchMap":{"0":{"loc":{"start":{"line":25,"column":14},"end":{"line":25,"column":45}},"type":"cond-expr","locations":[{"start":{"line":25,"column":26},"end":{"line":25,"column":27}},{"start":{"line":25,"column":31},"end":{"line":25,"column":44}}]},"1":{"loc":{"start":{"line":56,"column":6},"end":{"line":58,"column":7}},"type":"if","locations":[{"start":{"line":56,"column":6},"end":{"line":58,"column":7}}]},"2":{"loc":{"start":{"line":119,"column":31},"end":{"line":119,"column":81}},"type":"binary-expr","locations":[{"start":{"line":119,"column":31},"end":{"line":119,"column":75}},{"start":{"line":119,"column":79},"end":{"line":119,"column":81}}]},"3":{"loc":{"start":{"line":132,"column":22},"end":{"line":132,"column":95}},"type":"binary-expr","locations":[{"start":{"line":132,"column":22},"end":{"line":132,"column":48}},{"start":{"line":132,"column":52},"end":{"line":132,"column":95}}]},"4":{"loc":{"start":{"line":134,"column":4},"end":{"line":142,"column":5}},"type":"if","locations":[{"start":{"line":134,"column":4},"end":{"line":142,"column":5}}]},"5":{"loc":{"start":{"line":153,"column":25},"end":{"line":153,"column":75}},"type":"binary-expr","locations":[{"start":{"line":153,"column":25},"end":{"line":153,"column":69}},{"start":{"line":153,"column":73},"end":{"line":153,"column":75}}]},"6":{"loc":{"start":{"line":155,"column":10},"end":{"line":155,"column":79}},"type":"cond-expr","locations":[{"start":{"line":155,"column":36},"end":{"line":155,"column":73}},{"start":{"line":155,"column":76},"end":{"line":155,"column":79}}]},"7":{"loc":{"start":{"line":180,"column":10},"end":{"line":180,"column":60}},"type":"cond-expr","locations":[{"start":{"line":180,"column":36},"end":{"line":180,"column":54}},{"start":{"line":180,"column":57},"end":{"line":180,"column":60}}]},"8":{"loc":{"start":{"line":197,"column":4},"end":{"line":199,"column":5}},"type":"if","locations":[{"start":{"line":197,"column":4},"end":{"line":199,"column":5}}]}},"s":{"0":1,"1":1,"2":1,"3":1,"4":1,"5":4,"6":124,"7":124,"8":124,"9":1,"10":1,"11":3,"12":3,"13":3,"14":3,"15":3,"16":3,"17":3,"18":3,"19":0,"20":3,"21":1,"22":1,"23":1,"24":0,"25":0,"26":0,"27":3,"28":3,"29":0,"30":0,"31":0,"32":4,"33":4,"34":4,"35":4,"36":4,"37":4,"38":4,"39":4,"40":4,"41":1,"42":1,"43":1,"44":3,"45":3,"46":1,"47":1,"48":1,"49":1,"50":1,"51":1,"52":1,"53":1,"54":1,"55":1,"56":1,"57":1,"58":1,"59":1,"60":1,"61":1,"62":1,"63":0,"64":0,"65":0,"66":0,"67":0,"68":0,"69":0,"70":0,"71":0,"72":0,"73":0,"74":0,"75":0,"76":0,"77":0,"78":0,"79":0},"f":{"0":4,"1":124,"2":1,"3":3,"4":3,"5":3,"6":1,"7":1,"8":0,"9":0,"10":3,"11":0,"12":4,"13":4,"14":1,"15":1,"16":1,"17":1,"18":1,"19":1,"20":0,"21":0,"22":0,"23":0},"b":{"0":[120,4],"1":[0],"2":[4,4],"3":[4,3],"4":[1],"5":[1,0],"6":[1,0],"7":[1,0],"8":[0]}}
,"/home/aloofbuddha/src/MessageAI/mobile/src/utils/dateFormatter.ts": {"path":"/home/aloofbuddha/src/MessageAI/mobile/src/utils/dateFormatter.ts","statementMap":{"0":{"start":{"line":5,"column":0},"end":{"line":5,"column":16}},"1":{"start":{"line":23,"column":0},"end":{"line":23,"column":16}},"2":{"start":{"line":30,"column":0},"end":{"line":30,"column":16}},"3":{"start":{"line":6,"column":14},"end":{"line":6,"column":24}},"4":{"start":{"line":7,"column":17},"end":{"line":7,"column":47}},"5":{"start":{"line":8,"column":19},"end":{"line":8,"column":45}},"6":{"start":{"line":9,"column":20},"end":{"line":9,"column":48}},"7":{"start":{"line":10,"column":19},"end":{"line":10,"column":48}},"8":{"start":{"line":12,"column":2},"end":{"line":12,"column":38}},"9":{"start":{"line":12,"column":20},"end":{"line":12,"column":38}},"10":{"start":{"line":13,"column":2},"end":{"line":13,"column":47}},"11":{"start":{"line":13,"column":21},"end":{"line":13,"column":47}},"12":{"start":{"line":14,"column":2},"end":{"line":14,"column":49}},"13":{"start":{"line":14,"column":22},"end":{"line":14,"column":49}},"14":{"start":{"line":15,"column":2},"end":{"line":15,"column":41}},"15":{"start":{"line":15,"column":22},"end":{"line":15,"column":41}},"16":{"start":{"line":16,"column":2},"end":{"line":16,"column":79}},"17":{"start":{"line":16,"column":20},"end":{"line":16,"column":79}},"18":{"start":{"line":17,"column":2},"end":{"line":17,"column":75}},"19":{"start":{"line":24,"column":2},"end":{"line":24,"column":79}},"20":{"start":{"line":31,"column":14},"end":{"line":31,"column":24}},"21":{"start":{"line":32,"column":19},"end":{"line":32,"column":74}},"22":{"start":{"line":34,"column":2},"end":{"line":34,"column":37}},"23":{"start":{"line":34,"column":22},"end":{"line":34,"column":37}},"24":{"start":{"line":35,"column":2},"end":{"line":35,"column":41}},"25":{"start":{"line":35,"column":22},"end":{"line":35,"column":41}},"26":{"start":{"line":36,"column":2},"end":{"line":36,"column":78}},"27":{"start":{"line":36,"column":20},"end":{"line":36,"column":78}},"28":{"start":{"line":37,"column":2},"end":{"line":37,"column":91}}},"fnMap":{"0":{"name":"formatTimestamp","decl":{"start":{"line":5,"column":16},"end":{"line":5,"column":31}},"loc":{"start":{"line":5,"column":42},"end":{"line":18,"column":1}}},"1":{"name":"formatMessageTime","decl":{"start":{"line":23,"column":16},"end":{"line":23,"column":33}},"loc":{"start":{"line":23,"column":44},"end":{"line":25,"column":1}}},"2":{"name":"formatDateHeader","decl":{"start":{"line":30,"column":16},"end":{"line":30,"column":32}},"loc":{"start":{"line":30,"column":43},"end":{"line":38,"column":1}}}},"branchMap":{"0":{"loc":{"start":{"line":12,"column":2},"end":{"line":12,"column":38}},"type":"if","locations":[{"start":{"line":12,"column":2},"end":{"line":12,"column":38}}]},"1":{"loc":{"start":{"line":13,"column":2},"end":{"line":13,"column":47}},"type":"if","locations":[{"start":{"line":13,"column":2},"end":{"line":13,"column":47}}]},"2":{"loc":{"start":{"line":14,"column":2},"end":{"line":14,"column":49}},"type":"if","locations":[{"start":{"line":14,"column":2},"end":{"line":14,"column":49}}]},"3":{"loc":{"start":{"line":15,"column":2},"end":{"line":15,"column":41}},"type":"if","locations":[{"start":{"line":15,"column":2},"end":{"line":15,"column":41}}]},"4":{"loc":{"start":{"line":16,"column":2},"end":{"line":16,"column":79}},"type":"if","locations":[{"start":{"line":16,"column":2},"end":{"line":16,"column":79}}]},"5":{"loc":{"start":{"line":34,"column":2},"end":{"line":34,"column":37}},"type":"if","locations":[{"start":{"line":34,"column":2},"end":{"line":34,"column":37}}]},"6":{"loc":{"start":{"line":35,"column":2},"end":{"line":35,"column":41}},"type":"if","locations":[{"start":{"line":35,"column":2},"end":{"line":35,"column":41}}]},"7":{"loc":{"start":{"line":36,"column":2},"end":{"line":36,"column":78}},"type":"if","locations":[{"start":{"line":36,"column":2},"end":{"line":36,"column":78}}]}},"s":{"0":0,"1":0,"2":0,"3":0,"4":0,"5":0,"6":0,"7":0,"8":0,"9":0,"10":0,"11":0,"12":0,"13":0,"14":0,"15":0,"16":0,"17":0,"18":0,"19":0,"20":0,"21":0,"22":0,"23":0,"24":0,"25":0,"26":0,"27":0,"28":0},"f":{"0":0,"1":0,"2":0},"b":{"0":[0],"1":[0],"2":[0],"3":[0],"4":[0],"5":[0],"6":[0],"7":[0]}}
}
