TN:
SF:src/components/atoms/OfflineIndicator.tsx
FN:7,OfflineIndicator
FNF:1
FNH:0
FNDA:0,OfflineIndicator
DA:1,0
DA:2,0
DA:3,0
DA:4,0
DA:5,0
DA:7,0
DA:8,0
DA:11,0
DA:13,0
DA:14,0
DA:17,0
DA:27,0
LF:12
LH:0
BRDA:11,0,0,0
BRDA:11,0,1,0
BRDA:13,1,0,0
BRF:3
BRH:0
end_of_record
TN:
SF:src/components/molecules/ChatInput.tsx
FN:10,ChatInput
FN:13,(anonymous_10)
FNF:2
FNH:0
FNDA:0,ChatInput
FNDA:0,(anonymous_10)
DA:1,0
DA:2,0
DA:3,0
DA:10,0
DA:11,0
DA:13,0
DA:14,0
DA:15,0
DA:16,0
DA:17,0
DA:21,0
DA:48,0
LF:12
LH:0
BRDA:10,0,0,0
BRDA:15,1,0,0
BRDA:15,2,0,0
BRDA:15,2,1,0
BRDA:39,3,0,0
BRDA:39,3,1,0
BRDA:39,4,0,0
BRDA:39,4,1,0
BRDA:40,5,0,0
BRDA:40,5,1,0
BRF:10
BRH:0
end_of_record
TN:
SF:src/components/molecules/ConversationListItem.tsx
FN:14,ConversationListItem
FN:20,(anonymous_2)
FN:26,(anonymous_3)
FNF:3
FNH:0
FNDA:0,ConversationListItem
FNDA:0,(anonymous_2)
FNDA:0,(anonymous_3)
DA:1,0
DA:2,0
DA:3,0
DA:5,0
DA:14,0
DA:20,0
DA:21,0
DA:22,0
DA:23,0
DA:26,0
DA:27,0
DA:30,0
DA:74,0
LF:13
LH:0
BRDA:18,0,0,0
BRDA:20,1,0,0
BRDA:21,2,0,0
BRDA:22,3,0,0
BRDA:44,4,0,0
BRDA:44,4,1,0
BRDA:56,5,0,0
BRDA:56,5,1,0
BRDA:62,6,0,0
BRDA:62,6,1,0
BRDA:64,7,0,0
BRDA:64,7,1,0
BRF:12
BRH:0
end_of_record
TN:
SF:src/components/molecules/MessageBubble.tsx
FN:13,MessageBubble
FN:14,(anonymous_2)
FNF:2
FNH:0
FNDA:0,MessageBubble
FNDA:0,(anonymous_2)
DA:1,0
DA:2,0
DA:3,0
DA:4,0
DA:6,0
DA:13,0
DA:14,0
DA:15,0
DA:17,0
DA:19,0
DA:21,0
DA:23,0
DA:25,0
DA:27,0
DA:31,0
DA:55,0
LF:16
LH:0
BRDA:15,0,0,0
BRDA:15,0,1,0
BRDA:15,0,2,0
BRDA:15,0,3,0
BRDA:15,0,4,0
BRDA:15,0,5,0
BRDA:32,1,0,0
BRDA:32,1,1,0
BRDA:33,2,0,0
BRDA:33,2,1,0
BRDA:36,3,0,0
BRDA:36,3,1,0
BRDA:44,4,0,0
BRDA:44,4,1,0
BRDA:48,5,0,0
BRDA:48,5,1,0
BRF:16
BRH:0
end_of_record
TN:
SF:src/components/screens/LoginScreen.tsx
FN:7,LoginScreen
FN:16,(anonymous_10)
FN:41,(anonymous_11)
FN:92,(anonymous_12)
FNF:4
FNH:0
FNDA:0,LoginScreen
FNDA:0,(anonymous_10)
FNDA:0,(anonymous_11)
FNDA:0,(anonymous_12)
DA:1,0
DA:2,0
DA:3,0
DA:4,0
DA:5,0
DA:7,0
DA:8,0
DA:9,0
DA:10,0
DA:11,0
DA:13,0
DA:14,0
DA:16,0
DA:18,0
DA:19,0
DA:22,0
DA:23,0
DA:24,0
DA:27,0
DA:28,0
DA:29,0
DA:32,0
DA:33,0
DA:37,0
DA:41,0
DA:42,0
DA:43,0
DA:46,0
DA:48,0
DA:92,0
DA:132,0
LF:31
LH:0
BRDA:22,0,0,0
BRDA:27,1,0,0
BRDA:46,2,0,0
BRDA:46,2,1,0
BRDA:51,3,0,0
BRDA:51,3,1,0
BRDA:91,4,0,0
BRDA:91,4,1,0
BRDA:98,5,0,0
BRDA:98,5,1,0
BRF:10
BRH:0
end_of_record
TN:
SF:src/components/screens/SignupScreen.tsx
FN:7,SignupScreen
FN:17,(anonymous_10)
FN:48,(anonymous_11)
FN:67,(anonymous_12)
FN:130,(anonymous_13)
FNF:5
FNH:0
FNDA:0,SignupScreen
FNDA:0,(anonymous_10)
FNDA:0,(anonymous_11)
FNDA:0,(anonymous_12)
FNDA:0,(anonymous_13)
DA:1,0
DA:2,0
DA:3,0
DA:4,0
DA:5,0
DA:7,0
DA:8,0
DA:9,0
DA:10,0
DA:11,0
DA:12,0
DA:14,0
DA:15,0
DA:17,0
DA:18,0
DA:19,0
DA:20,0
DA:23,0
DA:24,0
DA:25,0
DA:29,0
DA:30,0
DA:31,0
DA:32,0
DA:35,0
DA:36,0
DA:37,0
DA:40,0
DA:41,0
DA:42,0
DA:45,0
DA:48,0
DA:50,0
DA:51,0
DA:54,0
DA:55,0
DA:58,0
DA:59,0
DA:63,0
DA:67,0
DA:68,0
DA:69,0
DA:72,0
DA:74,0
DA:130,0
DA:174,0
LF:46
LH:0
BRDA:18,0,0,0
BRDA:23,1,0,0
BRDA:30,2,0,0
BRDA:35,3,0,0
BRDA:40,4,0,0
BRDA:54,5,0,0
BRDA:72,6,0,0
BRDA:72,6,1,0
BRDA:77,7,0,0
BRDA:77,7,1,0
BRDA:129,8,0,0
BRDA:129,8,1,0
BRDA:136,9,0,0
BRDA:136,9,1,0
BRDA:140,10,0,0
BRDA:140,10,1,0
BRF:16
BRH:0
end_of_record
TN:
SF:src/services/firebase/config.ts
FN:15,(anonymous_0)
FNF:1
FNH:0
FNDA:0,(anonymous_0)
DA:1,0
DA:2,0
DA:3,0
DA:4,0
DA:5,0
DA:8,0
DA:14,0
DA:15,0
DA:16,0
DA:17,0
DA:20,0
DA:29,0
DA:30,0
DA:31,0
DA:32,0
LF:15
LH:0
BRDA:16,0,0,0
BRF:1
BRH:0
end_of_record
TN:
SF:src/services/firestore/conversationsService.ts
FN:18,listenToUserConversations
FN:31,(anonymous_1)
FN:32,(anonymous_2)
FN:52,(anonymous_3)
FN:63,createConversation
FN:94,getConversationDisplayName
FN:104,(anonymous_6)
FNF:7
FNH:0
FNDA:0,listenToUserConversations
FNDA:0,(anonymous_1)
FNDA:0,(anonymous_2)
FNDA:0,(anonymous_3)
FNDA:0,createConversation
FNDA:0,getConversationDisplayName
FNDA:0,(anonymous_6)
DA:1,0
DA:12,0
DA:18,0
DA:23,0
DA:29,0
DA:32,0
DA:33,0
DA:34,0
DA:50,0
DA:53,0
DA:54,0
DA:63,0
DA:69,0
DA:70,0
DA:81,0
DA:82,0
DA:84,0
DA:85,0
DA:94,0
DA:99,0
DA:100,0
DA:104,0
DA:105,0
DA:107,0
DA:108,0
LF:25
LH:0
BRDA:37,0,0,0
BRDA:37,0,1,0
BRDA:39,1,0,0
BRDA:39,1,1,0
BRDA:40,2,0,0
BRDA:40,2,1,0
BRDA:43,3,0,0
BRDA:43,3,1,0
BRDA:44,4,0,0
BRDA:44,4,1,0
BRDA:54,5,0,0
BRDA:72,6,0,0
BRDA:72,6,1,0
BRDA:99,7,0,0
BRDA:100,8,0,0
BRDA:100,8,1,0
BRDA:105,9,0,0
BRDA:108,10,0,0
BRDA:108,10,1,0
BRF:19
BRH:0
end_of_record
TN:
SF:src/services/firestore/messagesService.ts
FN:19,listenToMessages
FN:29,(anonymous_1)
FN:30,(anonymous_2)
FN:50,(anonymous_3)
FN:60,sendMessage
FN:100,updateMessageStatus
FNF:6
FNH:0
FNDA:0,listenToMessages
FNDA:0,(anonymous_1)
FNDA:0,(anonymous_2)
FNDA:0,(anonymous_3)
FNDA:0,sendMessage
FNDA:0,updateMessageStatus
DA:1,2
DA:13,2
DA:19,2
DA:24,0
DA:25,0
DA:27,0
DA:30,0
DA:31,0
DA:32,0
DA:48,0
DA:51,0
DA:52,0
DA:60,2
DA:68,0
DA:69,0
DA:71,0
DA:84,0
DA:85,0
DA:90,0
DA:92,0
DA:93,0
DA:100,2
DA:106,0
DA:107,0
DA:109,0
DA:111,0
DA:112,0
DA:113,0
DA:114,0
DA:117,0
DA:119,0
DA:120,0
LF:32
LH:5
BRDA:38,0,0,0
BRDA:38,0,1,0
BRDA:39,1,0,0
BRDA:39,1,1,0
BRDA:42,2,0,0
BRDA:42,2,1,0
BRDA:43,3,0,0
BRDA:43,3,1,0
BRDA:44,4,0,0
BRDA:44,4,1,0
BRDA:45,5,0,0
BRDA:45,5,1,0
BRDA:52,6,0,0
BRDA:64,7,0,0
BRDA:65,8,0,0
BRDA:66,9,0,0
BRDA:111,10,0,0
BRDA:111,10,1,0
BRDA:111,11,0,0
BRDA:111,11,1,0
BRDA:112,12,0,0
BRDA:112,12,1,0
BRDA:113,13,0,0
BRDA:113,14,0,0
BRDA:113,14,1,0
BRDA:114,15,0,0
BRDA:114,15,1,0
BRF:27
BRH:0
end_of_record
TN:
SF:src/services/firestore/usersService.ts
FN:8,createUserDocument
FN:33,getUserDocument
FN:67,updateUserPresence
FN:86,updateUserFCMToken
FNF:4
FNH:0
FNDA:0,createUserDocument
FNDA:0,getUserDocument
FNDA:0,updateUserPresence
FNDA:0,updateUserFCMToken
DA:1,1
DA:3,1
DA:8,1
DA:9,0
DA:10,0
DA:13,0
DA:23,0
DA:25,0
DA:26,0
DA:33,1
DA:34,0
DA:35,0
DA:36,0
DA:38,0
DA:39,0
DA:40,0
DA:43,0
DA:46,0
DA:57,0
DA:59,0
DA:60,0
DA:67,1
DA:68,0
DA:69,0
DA:71,0
DA:76,0
DA:78,0
DA:79,0
DA:86,1
DA:87,0
DA:88,0
DA:90,0
DA:94,0
DA:96,0
DA:97,0
LF:35
LH:6
BRDA:38,0,0,0
BRDA:50,1,0,0
BRDA:50,1,1,0
BRDA:51,2,0,0
BRDA:51,2,1,0
BRDA:52,3,0,0
BRDA:52,3,1,0
BRDA:53,4,0,0
BRDA:53,4,1,0
BRDA:54,5,0,0
BRDA:54,5,1,0
BRDA:76,6,0,0
BRDA:76,6,1,0
BRF:13
BRH:0
end_of_record
TN:
SF:src/services/network/networkMonitor.ts
FN:20,initializeNetworkMonitor
FN:22,(anonymous_2)
FN:32,(anonymous_3)
FN:47,(anonymous_4)
FN:55,getNetworkStatus
FN:62,subscribeToNetworkStatus
FN:66,(anonymous_7)
FN:74,useNetworkStatus
FN:77,(anonymous_9)
FN:79,(anonymous_10)
FNF:10
FNH:3
FNDA:0,initializeNetworkMonitor
FNDA:0,(anonymous_2)
FNDA:0,(anonymous_3)
FNDA:0,(anonymous_4)
FNDA:1,getNetworkStatus
FNDA:2,subscribeToNetworkStatus
FNDA:1,(anonymous_7)
FNDA:0,useNetworkStatus
FNDA:0,(anonymous_9)
FNDA:0,(anonymous_10)
DA:1,3
DA:2,3
DA:9,3
DA:14,3
DA:20,3
DA:22,0
DA:23,0
DA:27,0
DA:28,0
DA:32,0
DA:33,0
DA:39,0
DA:43,0
DA:44,0
DA:47,0
DA:55,3
DA:56,1
DA:62,3
DA:63,2
DA:66,2
DA:67,1
DA:74,3
DA:75,0
DA:77,0
DA:79,0
DA:80,0
DA:84,0
DA:85,0
DA:89,0
DA:91,0
DA:94,0
LF:31
LH:12
BRDA:24,0,0,0
BRDA:24,0,1,0
BRDA:25,1,0,0
BRDA:25,1,1,0
BRDA:34,2,0,0
BRDA:34,2,1,0
BRDA:35,3,0,0
BRDA:35,3,1,0
BRDA:39,4,0,0
BRDA:40,5,0,0
BRDA:40,5,1,0
BRDA:81,6,0,0
BRDA:81,6,1,0
BRDA:82,7,0,0
BRDA:82,7,1,0
BRF:15
BRH:0
end_of_record
TN:
SF:src/services/sqlite/conversationRepository.ts
FN:8,(anonymous_0)
FN:31,(anonymous_1)
FN:34,(anonymous_2)
FN:60,(anonymous_3)
FN:78,(anonymous_4)
FN:94,(anonymous_5)
FN:128,(anonymous_6)
FN:135,(anonymous_7)
FNF:8
FNH:5
FNDA:1,(anonymous_0)
FNDA:0,(anonymous_1)
FNDA:0,(anonymous_2)
FNDA:2,(anonymous_3)
FNDA:1,(anonymous_4)
FNDA:2,(anonymous_5)
FNDA:1,(anonymous_6)
FNDA:0,(anonymous_7)
DA:2,1
DA:4,1
DA:9,1
DA:32,0
DA:34,0
DA:35,0
DA:36,0
DA:61,2
DA:78,2
DA:95,2
DA:110,2
DA:112,1
DA:129,1
DA:136,0
DA:140,1
LF:15
LH:10
BRDA:16,0,0,1
BRDA:16,0,1,1
BRDA:18,1,0,1
BRDA:18,1,1,0
BRDA:19,2,0,1
BRDA:19,2,1,0
BRDA:20,3,0,1
BRDA:20,3,1,1
BRDA:32,4,0,0
BRDA:43,5,0,0
BRDA:43,5,1,0
BRDA:45,6,0,0
BRDA:45,6,1,0
BRDA:46,7,0,0
BRDA:46,7,1,0
BRDA:47,8,0,0
BRDA:47,8,1,0
BRDA:84,9,0,1
BRDA:84,9,1,0
BRDA:110,10,0,1
BRDA:118,11,0,1
BRDA:118,11,1,0
BRF:22
BRH:9
end_of_record
TN:
SF:src/services/sqlite/database.ts
FN:6,initializeDatabase
FNF:1
FNH:0
FNDA:0,initializeDatabase
DA:1,3
DA:2,3
DA:4,3
DA:6,3
DA:7,0
DA:9,0
DA:10,0
DA:13,0
DA:15,0
DA:16,0
DA:18,0
DA:22,0
DA:24,0
DA:26,0
DA:27,0
LF:15
LH:4
BRDA:15,0,0,0
BRDA:15,0,1,0
BRF:2
BRH:0
end_of_record
TN:
SF:src/services/sqlite/messageRepository.ts
FN:8,(anonymous_0)
FN:33,(anonymous_1)
FN:36,(anonymous_2)
FN:65,(anonymous_3)
FN:66,(anonymous_4)
FN:98,(anonymous_5)
FN:116,(anonymous_6)
FN:134,(anonymous_7)
FN:144,(anonymous_8)
FN:151,(anonymous_9)
FNF:10
FNH:7
FNDA:1,(anonymous_0)
FNDA:0,(anonymous_1)
FNDA:0,(anonymous_2)
FNDA:1,(anonymous_3)
FNDA:1,(anonymous_4)
FNDA:2,(anonymous_5)
FNDA:1,(anonymous_6)
FNDA:1,(anonymous_7)
FNDA:1,(anonymous_8)
FNDA:0,(anonymous_9)
DA:2,2
DA:4,2
DA:9,1
DA:34,0
DA:36,0
DA:37,0
DA:38,0
DA:66,1
DA:68,1
DA:71,1
DA:72,1
DA:99,2
DA:116,2
DA:135,1
DA:145,1
DA:152,0
DA:156,2
LF:17
LH:12
BRDA:19,0,0,1
BRDA:19,0,1,1
BRDA:24,1,0,1
BRDA:24,1,1,0
BRDA:34,2,0,0
BRDA:48,3,0,0
BRDA:48,3,1,0
BRDA:53,4,0,0
BRDA:53,4,1,0
BRDA:82,5,0,1
BRDA:82,5,1,1
BRDA:87,6,0,1
BRDA:87,6,1,1
BRF:13
BRH:7
end_of_record
TN:
SF:src/services/sqlite/migrations.ts
FN:83,runMigrations
FN:93,(anonymous_1)
FN:102,(anonymous_2)
FNF:3
FNH:0
FNDA:0,runMigrations
FNDA:0,(anonymous_1)
FNDA:0,(anonymous_2)
DA:3,3
DA:5,3
DA:19,3
DA:34,3
DA:39,3
DA:57,3
DA:64,3
DA:78,3
DA:83,3
DA:84,0
DA:86,0
DA:87,0
DA:89,0
DA:91,0
DA:93,0
DA:94,0
DA:95,0
DA:98,0
DA:99,0
DA:100,0
DA:101,0
DA:102,0
DA:103,0
DA:104,0
DA:108,0
DA:111,0
DA:113,0
DA:116,0
DA:118,0
DA:119,0
LF:30
LH:9
BRDA:87,0,0,0
BRDA:87,0,1,0
BRDA:91,1,0,0
BRDA:91,1,1,0
BRDA:94,2,0,0
BRF:5
BRH:0
end_of_record
TN:
SF:src/services/sqlite/pendingMessageRepository.ts
FN:18,(anonymous_0)
FN:37,(anonymous_1)
FN:51,(anonymous_2)
FN:66,(anonymous_3)
FN:81,(anonymous_4)
FN:96,(anonymous_5)
FN:106,(anonymous_6)
FN:113,(anonymous_7)
FN:120,(anonymous_8)
FNF:9
FNH:7
FNDA:1,(anonymous_0)
FNDA:1,(anonymous_1)
FNDA:1,(anonymous_2)
FNDA:1,(anonymous_3)
FNDA:1,(anonymous_4)
FNDA:0,(anonymous_5)
FNDA:1,(anonymous_6)
FNDA:0,(anonymous_7)
FNDA:2,(anonymous_8)
DA:1,3
DA:14,3
DA:19,1
DA:38,1
DA:51,1
DA:67,1
DA:81,1
DA:97,0
DA:107,1
DA:114,0
DA:121,2
DA:124,2
DA:128,3
LF:13
LH:11
BRDA:28,0,0,1
BRDA:28,0,1,1
BRDA:124,1,0,2
BRDA:124,1,1,1
BRF:4
BRH:4
end_of_record
TN:
SF:src/services/sync/syncManager.ts
FN:14,(anonymous_0)
FN:21,(anonymous_1)
FN:40,(anonymous_2)
FN:116,(anonymous_3)
FN:138,(anonymous_4)
FNF:5
FNH:2
FNDA:0,(anonymous_0)
FNDA:0,(anonymous_1)
FNDA:6,(anonymous_2)
FNDA:2,(anonymous_3)
FNDA:0,(anonymous_4)
DA:1,2
DA:2,2
DA:3,2
DA:4,2
DA:7,2
DA:15,0
DA:18,0
DA:21,0
DA:22,0
DA:26,0
DA:28,0
DA:29,0
DA:30,0
DA:34,0
DA:42,6
DA:43,1
DA:44,1
DA:47,5
DA:48,5
DA:50,5
DA:51,1
DA:52,1
DA:55,4
DA:57,4
DA:58,4
DA:60,4
DA:61,2
DA:62,2
DA:65,2
DA:67,2
DA:68,2
DA:69,2
DA:70,2
DA:71,0
DA:72,0
DA:76,2
DA:86,1
DA:91,1
DA:94,1
DA:97,1
DA:104,2
DA:107,0
DA:109,4
DA:123,2
DA:132,2
DA:139,0
DA:140,0
DA:145,2
LF:48
LH:34
BRDA:26,0,0,0
BRDA:26,0,1,0
BRDA:28,1,0,0
BRDA:42,2,0,1
BRDA:48,3,0,5
BRDA:48,3,1,4
BRDA:50,4,0,1
BRDA:60,5,0,2
BRDA:70,6,0,0
BRDA:128,7,0,2
BRDA:128,7,1,1
BRDA:139,8,0,0
BRF:12
BRH:7
end_of_record
TN:
SF:src/stores/authStore.ts
FN:25,(anonymous_9)
FN:31,(anonymous_10)
FN:49,(anonymous_11)
FN:73,(anonymous_12)
FN:83,(anonymous_13)
FN:85,(anonymous_14)
FN:87,(anonymous_15)
FN:88,(anonymous_16)
FN:104,(anonymous_17)
FN:105,(anonymous_18)
FN:109,(anonymous_19)
FN:112,(anonymous_20)
FN:121,getAuthErrorMessage
FNF:13
FNH:3
FNDA:1,(anonymous_9)
FNDA:0,(anonymous_10)
FNDA:0,(anonymous_11)
FNDA:0,(anonymous_12)
FNDA:0,(anonymous_13)
FNDA:0,(anonymous_14)
FNDA:0,(anonymous_15)
FNDA:0,(anonymous_16)
FNDA:1,(anonymous_17)
FNDA:1,(anonymous_18)
FNDA:0,(anonymous_19)
FNDA:0,(anonymous_20)
FNDA:0,getAuthErrorMessage
DA:1,1
DA:2,1
DA:3,1
DA:4,1
DA:6,1
DA:7,1
DA:23,1
DA:25,1
DA:32,0
DA:33,0
DA:34,0
DA:35,0
DA:37,0
DA:38,0
DA:41,0
DA:43,0
DA:44,0
DA:45,0
DA:50,0
DA:51,0
DA:52,0
DA:53,0
DA:64,0
DA:65,0
DA:67,0
DA:68,0
DA:69,0
DA:74,0
DA:75,0
DA:76,0
DA:78,0
DA:79,0
DA:83,0
DA:85,0
DA:88,0
DA:89,0
DA:91,0
DA:92,0
DA:93,0
DA:97,0
DA:104,1
DA:106,1
DA:107,1
DA:110,0
DA:113,0
DA:122,0
DA:124,0
DA:126,0
DA:128,0
DA:130,0
DA:132,0
DA:134,0
DA:136,0
DA:138,0
LF:54
LH:11
BRDA:37,0,0,0
BRDA:89,1,0,0
BRDA:89,1,1,0
BRDA:92,2,0,0
BRDA:122,3,0,0
BRDA:122,3,1,0
BRDA:122,3,2,0
BRDA:122,3,3,0
BRDA:122,3,4,0
BRDA:122,3,5,0
BRDA:122,3,6,0
BRDA:122,3,7,0
BRF:12
BRH:0
end_of_record
TN:
SF:src/stores/conversationsStore.ts
FN:17,(anonymous_0)
FN:23,(anonymous_1)
FN:41,(anonymous_2)
FN:48,(anonymous_3)
FN:61,(anonymous_4)
FN:71,(anonymous_5)
FNF:6
FNH:0
FNDA:0,(anonymous_0)
FNDA:0,(anonymous_1)
FNDA:0,(anonymous_2)
FNDA:0,(anonymous_3)
FNDA:0,(anonymous_4)
FNDA:0,(anonymous_5)
DA:1,0
DA:3,0
DA:4,0
DA:17,0
DA:24,0
DA:26,0
DA:28,0
DA:30,0
DA:33,0
DA:34,0
DA:35,0
DA:39,0
DA:43,0
DA:46,0
DA:49,0
DA:50,0
DA:54,0
DA:56,0
DA:57,0
DA:62,0
DA:63,0
DA:64,0
DA:66,0
DA:67,0
DA:73,0
DA:74,0
DA:75,0
DA:78,0
LF:28
LH:0
BRDA:34,0,0,0
BRDA:74,1,0,0
BRF:2
BRH:0
end_of_record
TN:
SF:src/stores/messagesStore.ts
FN:22,generateUUID
FN:23,(anonymous_1)
FN:30,(anonymous_2)
FN:36,(anonymous_3)
FN:37,(anonymous_4)
FN:46,(anonymous_5)
FN:63,(anonymous_6)
FN:68,(anonymous_7)
FN:75,(anonymous_8)
FN:77,(anonymous_9)
FN:83,(anonymous_10)
FN:91,(anonymous_11)
FN:98,(anonymous_12)
FN:118,(anonymous_13)
FN:152,(anonymous_14)
FN:154,(anonymous_15)
FN:172,(anonymous_16)
FN:173,(anonymous_17)
FN:177,(anonymous_18)
FN:179,(anonymous_19)
FN:194,(anonymous_20)
FN:201,(anonymous_21)
FN:223,(anonymous_22)
FN:226,(anonymous_23)
FNF:24
FNH:17
FNDA:4,generateUUID
FNDA:124,(anonymous_1)
FNDA:1,(anonymous_2)
FNDA:3,(anonymous_3)
FNDA:3,(anonymous_4)
FNDA:3,(anonymous_5)
FNDA:1,(anonymous_6)
FNDA:1,(anonymous_7)
FNDA:0,(anonymous_8)
FNDA:0,(anonymous_9)
FNDA:3,(anonymous_10)
FNDA:0,(anonymous_11)
FNDA:4,(anonymous_12)
FNDA:4,(anonymous_13)
FNDA:1,(anonymous_14)
FNDA:1,(anonymous_15)
FNDA:1,(anonymous_16)
FNDA:1,(anonymous_17)
FNDA:1,(anonymous_18)
FNDA:1,(anonymous_19)
FNDA:0,(anonymous_20)
FNDA:0,(anonymous_21)
FNDA:0,(anonymous_22)
FNDA:0,(anonymous_23)
DA:1,1
DA:3,1
DA:4,1
DA:5,1
DA:6,1
DA:23,4
DA:24,124
DA:25,124
DA:26,124
DA:30,1
DA:37,3
DA:42,3
DA:44,3
DA:46,3
DA:55,3
DA:56,3
DA:57,0
DA:61,3
DA:65,1
DA:68,1
DA:76,0
DA:77,0
DA:83,3
DA:90,0
DA:91,0
DA:99,4
DA:100,4
DA:103,4
DA:118,4
DA:119,4
DA:120,4
DA:129,4
DA:132,4
DA:134,4
DA:135,1
DA:138,1
DA:141,1
DA:145,3
DA:146,3
DA:149,1
DA:152,1
DA:153,1
DA:154,1
DA:155,1
DA:157,1
DA:166,1
DA:168,1
DA:173,1
DA:174,1
DA:177,1
DA:178,1
DA:179,1
DA:180,1
DA:182,1
DA:185,1
DA:191,1
DA:196,0
DA:197,0
DA:198,0
DA:201,0
DA:202,0
DA:203,0
DA:205,0
DA:206,0
DA:208,0
DA:209,0
DA:211,0
DA:212,0
DA:214,0
DA:225,0
DA:226,0
DA:228,0
LF:72
LH:51
BRDA:25,0,0,120
BRDA:25,0,1,4
BRDA:56,1,0,0
BRDA:119,2,0,4
BRDA:119,2,1,4
BRDA:132,3,0,4
BRDA:132,3,1,3
BRDA:134,4,0,1
BRDA:153,5,0,1
BRDA:153,5,1,0
BRDA:155,6,0,1
BRDA:155,6,1,0
BRDA:180,7,0,1
BRDA:180,7,1,0
BRDA:197,8,0,0
BRF:15
BRH:10
end_of_record
TN:
SF:src/utils/dateFormatter.ts
FN:5,formatTimestamp
FN:23,formatMessageTime
FN:30,formatDateHeader
FNF:3
FNH:0
FNDA:0,formatTimestamp
FNDA:0,formatMessageTime
FNDA:0,formatDateHeader
DA:5,0
DA:6,0
DA:7,0
DA:8,0
DA:9,0
DA:10,0
DA:12,0
DA:13,0
DA:14,0
DA:15,0
DA:16,0
DA:17,0
DA:23,0
DA:24,0
DA:30,0
DA:31,0
DA:32,0
DA:34,0
DA:35,0
DA:36,0
DA:37,0
LF:21
LH:0
BRDA:12,0,0,0
BRDA:13,1,0,0
BRDA:14,2,0,0
BRDA:15,3,0,0
BRDA:16,4,0,0
BRDA:34,5,0,0
BRDA:35,6,0,0
BRDA:36,7,0,0
BRF:8
BRH:0
end_of_record
